<?xml version="1.0" encoding="UTF-8"?>
<testsuite name="pl.edu.pjwstk.jaz.LoginTest" tests="6" skipped="0" failures="1" errors="0" timestamp="2021-01-24T16:34:18" hostname="debian" time="3.754">
  <properties/>
  <testcase name="should_login_registered_user" classname="pl.edu.pjwstk.jaz.LoginTest" time="1.491"/>
  <testcase name="registerTest" classname="pl.edu.pjwstk.jaz.LoginTest" time="0.496"/>
  <testcase name="should_login_admin" classname="pl.edu.pjwstk.jaz.LoginTest" time="0.384"/>
  <testcase name="should_not_login_unregistered_user" classname="pl.edu.pjwstk.jaz.LoginTest" time="0.254"/>
  <testcase name="filterTest1" classname="pl.edu.pjwstk.jaz.LoginTest" time="0.538"/>
  <testcase name="filterTest2" classname="pl.edu.pjwstk.jaz.LoginTest" time="0.528">
    <failure message="java.lang.AssertionError: 1 expectation failed.&#10;Expected status code &lt;202&gt; but was &lt;200&gt;.&#10;" type="java.lang.AssertionError">java.lang.AssertionError: 1 expectation failed.
Expected status code &lt;202&gt; but was &lt;200&gt;.

	at java.base/jdk.internal.reflect.NativeConstructorAccessorImpl.newInstance0(Native Method)
	at java.base/jdk.internal.reflect.NativeConstructorAccessorImpl.newInstance(NativeConstructorAccessorImpl.java:62)
	at java.base/jdk.internal.reflect.DelegatingConstructorAccessorImpl.newInstance(DelegatingConstructorAccessorImpl.java:45)
	at java.base/java.lang.reflect.Constructor.newInstance(Constructor.java:490)
	at org.codehaus.groovy.reflection.CachedConstructor.invoke(CachedConstructor.java:80)
	at org.codehaus.groovy.reflection.CachedConstructor.doConstructorInvoke(CachedConstructor.java:74)
	at org.codehaus.groovy.runtime.callsite.ConstructorSite$ConstructorSiteNoUnwrap.callConstructor(ConstructorSite.java:84)
	at org.codehaus.groovy.runtime.callsite.CallSiteArray.defaultCallConstructor(CallSiteArray.java:59)
	at org.codehaus.groovy.runtime.callsite.AbstractCallSite.callConstructor(AbstractCallSite.java:237)
	at org.codehaus.groovy.runtime.callsite.AbstractCallSite.callConstructor(AbstractCallSite.java:249)
	at io.restassured.internal.ResponseSpecificationImpl$HamcrestAssertionClosure.validate(ResponseSpecificationImpl.groovy:494)
	at io.restassured.internal.ResponseSpecificationImpl$HamcrestAssertionClosure$validate$1.call(Unknown Source)
	at io.restassured.internal.ResponseSpecificationImpl.validateResponseIfRequired(ResponseSpecificationImpl.groovy:656)
	at java.base/jdk.internal.reflect.NativeMethodAccessorImpl.invoke0(Native Method)
	at java.base/jdk.internal.reflect.NativeMethodAccessorImpl.invoke(NativeMethodAccessorImpl.java:62)
	at java.base/jdk.internal.reflect.DelegatingMethodAccessorImpl.invoke(DelegatingMethodAccessorImpl.java:43)
	at java.base/java.lang.reflect.Method.invoke(Method.java:566)
	at org.codehaus.groovy.runtime.callsite.PlainObjectMetaMethodSite.doInvoke(PlainObjectMetaMethodSite.java:43)
	at org.codehaus.groovy.runtime.callsite.PogoMetaMethodSite$PogoCachedMethodSiteNoUnwrapNoCoerce.invoke(PogoMetaMethodSite.java:190)
	at org.codehaus.groovy.runtime.callsite.PogoMetaMethodSite.callCurrent(PogoMetaMethodSite.java:58)
	at org.codehaus.groovy.runtime.callsite.AbstractCallSite.callCurrent(AbstractCallSite.java:168)
	at io.restassured.internal.ResponseSpecificationImpl.statusCode(ResponseSpecificationImpl.groovy:125)
	at io.restassured.specification.ResponseSpecification$statusCode$0.callCurrent(Unknown Source)
	at io.restassured.internal.ResponseSpecificationImpl.statusCode(ResponseSpecificationImpl.groovy:133)
	at io.restassured.internal.ValidatableResponseOptionsImpl.statusCode(ValidatableResponseOptionsImpl.java:119)
	at pl.edu.pjwstk.jaz.LoginTest.filterTest2(LoginTest.java:92)
	at java.base/jdk.internal.reflect.NativeMethodAccessorImpl.invoke0(Native Method)
	at java.base/jdk.internal.reflect.NativeMethodAccessorImpl.invoke(NativeMethodAccessorImpl.java:62)
	at java.base/jdk.internal.reflect.DelegatingMethodAccessorImpl.invoke(DelegatingMethodAccessorImpl.java:43)
	at java.base/java.lang.reflect.Method.invoke(Method.java:566)
	at org.junit.runners.model.FrameworkMethod$1.runReflectiveCall(FrameworkMethod.java:50)
	at org.junit.internal.runners.model.ReflectiveCallable.run(ReflectiveCallable.java:12)
	at org.junit.runners.model.FrameworkMethod.invokeExplosively(FrameworkMethod.java:47)
	at org.junit.internal.runners.statements.InvokeMethod.evaluate(InvokeMethod.java:17)
	at org.springframework.test.context.junit4.statements.RunBeforeTestExecutionCallbacks.evaluate(RunBeforeTestExecutionCallbacks.java:74)
	at org.springframework.test.context.junit4.statements.RunAfterTestExecutionCallbacks.evaluate(RunAfterTestExecutionCallbacks.java:84)
	at org.springframework.test.context.junit4.statements.RunBeforeTestMethodCallbacks.evaluate(RunBeforeTestMethodCallbacks.java:75)
	at org.springframework.test.context.junit4.statements.RunAfterTestMethodCallbacks.evaluate(RunAfterTestMethodCallbacks.java:86)
	at org.springframework.test.context.junit4.statements.SpringRepeat.evaluate(SpringRepeat.java:84)
	at org.junit.runners.ParentRunner.runLeaf(ParentRunner.java:325)
	at org.springframework.test.context.junit4.SpringJUnit4ClassRunner.runChild(SpringJUnit4ClassRunner.java:251)
	at org.springframework.test.context.junit4.SpringJUnit4ClassRunner.runChild(SpringJUnit4ClassRunner.java:97)
	at org.junit.runners.ParentRunner$3.run(ParentRunner.java:290)
	at org.junit.runners.ParentRunner$1.schedule(ParentRunner.java:71)
	at org.junit.runners.ParentRunner.runChildren(ParentRunner.java:288)
	at org.junit.runners.ParentRunner.access$000(ParentRunner.java:58)
	at org.junit.runners.ParentRunner$2.evaluate(ParentRunner.java:268)
	at org.junit.internal.runners.statements.RunBefores.evaluate(RunBefores.java:26)
	at org.springframework.test.context.junit4.statements.RunBeforeTestClassCallbacks.evaluate(RunBeforeTestClassCallbacks.java:61)
	at org.springframework.test.context.junit4.statements.RunAfterTestClassCallbacks.evaluate(RunAfterTestClassCallbacks.java:70)
	at org.junit.runners.ParentRunner.run(ParentRunner.java:363)
	at org.springframework.test.context.junit4.SpringJUnit4ClassRunner.run(SpringJUnit4ClassRunner.java:190)
	at org.gradle.api.internal.tasks.testing.junit.JUnitTestClassExecutor.runTestClass(JUnitTestClassExecutor.java:110)
	at org.gradle.api.internal.tasks.testing.junit.JUnitTestClassExecutor.execute(JUnitTestClassExecutor.java:58)
	at org.gradle.api.internal.tasks.testing.junit.JUnitTestClassExecutor.execute(JUnitTestClassExecutor.java:38)
	at org.gradle.api.internal.tasks.testing.junit.AbstractJUnitTestClassProcessor.processTestClass(AbstractJUnitTestClassProcessor.java:62)
	at org.gradle.api.internal.tasks.testing.SuiteTestClassProcessor.processTestClass(SuiteTestClassProcessor.java:51)
	at java.base/jdk.internal.reflect.NativeMethodAccessorImpl.invoke0(Native Method)
	at java.base/jdk.internal.reflect.NativeMethodAccessorImpl.invoke(NativeMethodAccessorImpl.java:62)
	at java.base/jdk.internal.reflect.DelegatingMethodAccessorImpl.invoke(DelegatingMethodAccessorImpl.java:43)
	at java.base/java.lang.reflect.Method.invoke(Method.java:566)
	at org.gradle.internal.dispatch.ReflectionDispatch.dispatch(ReflectionDispatch.java:36)
	at org.gradle.internal.dispatch.ReflectionDispatch.dispatch(ReflectionDispatch.java:24)
	at org.gradle.internal.dispatch.ContextClassLoaderDispatch.dispatch(ContextClassLoaderDispatch.java:33)
	at org.gradle.internal.dispatch.ProxyDispatchAdapter$DispatchingInvocationHandler.invoke(ProxyDispatchAdapter.java:94)
	at com.sun.proxy.$Proxy2.processTestClass(Unknown Source)
	at org.gradle.api.internal.tasks.testing.worker.TestWorker.processTestClass(TestWorker.java:119)
	at java.base/jdk.internal.reflect.NativeMethodAccessorImpl.invoke0(Native Method)
	at java.base/jdk.internal.reflect.NativeMethodAccessorImpl.invoke(NativeMethodAccessorImpl.java:62)
	at java.base/jdk.internal.reflect.DelegatingMethodAccessorImpl.invoke(DelegatingMethodAccessorImpl.java:43)
	at java.base/java.lang.reflect.Method.invoke(Method.java:566)
	at org.gradle.internal.dispatch.ReflectionDispatch.dispatch(ReflectionDispatch.java:36)
	at org.gradle.internal.dispatch.ReflectionDispatch.dispatch(ReflectionDispatch.java:24)
	at org.gradle.internal.remote.internal.hub.MessageHubBackedObjectConnection$DispatchWrapper.dispatch(MessageHubBackedObjectConnection.java:182)
	at org.gradle.internal.remote.internal.hub.MessageHubBackedObjectConnection$DispatchWrapper.dispatch(MessageHubBackedObjectConnection.java:164)
	at org.gradle.internal.remote.internal.hub.MessageHub$Handler.run(MessageHub.java:414)
	at org.gradle.internal.concurrent.ExecutorPolicy$CatchAndRecordFailures.onExecute(ExecutorPolicy.java:64)
	at org.gradle.internal.concurrent.ManagedExecutorImpl$1.run(ManagedExecutorImpl.java:48)
	at java.base/java.util.concurrent.ThreadPoolExecutor.runWorker(ThreadPoolExecutor.java:1128)
	at java.base/java.util.concurrent.ThreadPoolExecutor$Worker.run(ThreadPoolExecutor.java:628)
	at org.gradle.internal.concurrent.ThreadFactoryImpl$ManagedThreadRunnable.run(ThreadFactoryImpl.java:56)
	at java.base/java.lang.Thread.run(Thread.java:834)
</failure>
  </testcase>
  <system-out><![CDATA[17:34:13.282 [Test worker] DEBUG org.springframework.test.context.junit4.SpringJUnit4ClassRunner - SpringJUnit4ClassRunner constructor called with [class pl.edu.pjwstk.jaz.LoginTest]
17:34:13.308 [Test worker] DEBUG org.springframework.test.context.BootstrapUtils - Instantiating CacheAwareContextLoaderDelegate from class [org.springframework.test.context.cache.DefaultCacheAwareContextLoaderDelegate]
17:34:13.352 [Test worker] DEBUG org.springframework.test.context.BootstrapUtils - Instantiating BootstrapContext using constructor [public org.springframework.test.context.support.DefaultBootstrapContext(java.lang.Class,org.springframework.test.context.CacheAwareContextLoaderDelegate)]
17:34:13.431 [Test worker] DEBUG org.springframework.test.context.BootstrapUtils - Instantiating TestContextBootstrapper for test class [pl.edu.pjwstk.jaz.LoginTest] from class [org.springframework.test.context.support.DefaultTestContextBootstrapper]
17:34:13.475 [Test worker] INFO org.springframework.test.context.support.DefaultTestContextBootstrapper - Neither @ContextConfiguration nor @ContextHierarchy found for test class [pl.edu.pjwstk.jaz.LoginTest], using DelegatingSmartContextLoader
17:34:13.490 [Test worker] DEBUG org.springframework.test.context.support.AbstractDelegatingSmartContextLoader - Delegating to GenericGroovyXmlContextLoader to process context configuration [ContextConfigurationAttributes@7c252db4 declaringClass = 'pl.edu.pjwstk.jaz.LoginTest', classes = '{}', locations = '{}', inheritLocations = false, initializers = '{}', inheritInitializers = true, name = [null], contextLoaderClass = 'org.springframework.test.context.ContextLoader'].
17:34:13.498 [Test worker] DEBUG org.springframework.test.context.support.AbstractContextLoader - Did not detect default resource location for test class [pl.edu.pjwstk.jaz.LoginTest]: class path resource [pl/edu/pjwstk/jaz/LoginTest-context.xml] does not exist
17:34:13.501 [Test worker] DEBUG org.springframework.test.context.support.AbstractContextLoader - Did not detect default resource location for test class [pl.edu.pjwstk.jaz.LoginTest]: class path resource [pl/edu/pjwstk/jaz/LoginTestContext.groovy] does not exist
17:34:13.512 [Test worker] INFO org.springframework.test.context.support.AbstractContextLoader - Could not detect default resource locations for test class [pl.edu.pjwstk.jaz.LoginTest]: no resource found for suffixes {-context.xml, Context.groovy}.
17:34:13.514 [Test worker] DEBUG org.springframework.test.context.support.AbstractDelegatingSmartContextLoader - Delegating to AnnotationConfigContextLoader to process context configuration [ContextConfigurationAttributes@7c252db4 declaringClass = 'pl.edu.pjwstk.jaz.LoginTest', classes = '{}', locations = '{}', inheritLocations = false, initializers = '{}', inheritInitializers = true, name = [null], contextLoaderClass = 'org.springframework.test.context.ContextLoader'].
17:34:13.517 [Test worker] INFO org.springframework.test.context.support.AnnotationConfigContextLoaderUtils - Could not detect default configuration classes for test class [pl.edu.pjwstk.jaz.LoginTest]: LoginTest does not declare any static, non-private, non-final, nested classes annotated with @Configuration.
17:34:13.676 [Test worker] DEBUG org.springframework.test.context.support.ActiveProfilesUtils - Could not find an 'annotation declaring class' for annotation type [org.springframework.test.context.ActiveProfiles] and class [pl.edu.pjwstk.jaz.LoginTest]
17:34:13.679 [Test worker] DEBUG org.springframework.test.context.support.DefaultTestContextBootstrapper - @TestExecutionListeners is not present for class [pl.edu.pjwstk.jaz.LoginTest]: using defaults.
17:34:13.681 [Test worker] INFO org.springframework.test.context.support.DefaultTestContextBootstrapper - Loaded default TestExecutionListener class names from location [META-INF/spring.factories]: [org.springframework.boot.test.autoconfigure.restdocs.RestDocsTestExecutionListener, org.springframework.boot.test.autoconfigure.web.client.MockRestServiceServerResetTestExecutionListener, org.springframework.boot.test.autoconfigure.web.servlet.MockMvcPrintOnlyOnFailureTestExecutionListener, org.springframework.boot.test.autoconfigure.web.servlet.WebDriverTestExecutionListener, org.springframework.boot.test.autoconfigure.webservices.client.MockWebServiceServerTestExecutionListener, org.springframework.boot.test.mock.mockito.MockitoTestExecutionListener, org.springframework.boot.test.mock.mockito.ResetMocksTestExecutionListener, org.springframework.test.context.web.ServletTestExecutionListener, org.springframework.test.context.support.DirtiesContextBeforeModesTestExecutionListener, org.springframework.test.context.support.DependencyInjectionTestExecutionListener, org.springframework.test.context.support.DirtiesContextTestExecutionListener, org.springframework.test.context.transaction.TransactionalTestExecutionListener, org.springframework.test.context.jdbc.SqlScriptsTestExecutionListener, org.springframework.test.context.event.EventPublishingTestExecutionListener]
17:34:13.721 [Test worker] INFO org.springframework.test.context.support.DefaultTestContextBootstrapper - Using TestExecutionListeners: [org.springframework.test.context.web.ServletTestExecutionListener@6944b528, org.springframework.test.context.support.DirtiesContextBeforeModesTestExecutionListener@1632fd5a, org.springframework.boot.test.mock.mockito.MockitoTestExecutionListener@49fdd1fb, org.springframework.test.context.support.DependencyInjectionTestExecutionListener@20ebca8, org.springframework.test.context.support.DirtiesContextTestExecutionListener@4e2fb434, org.springframework.test.context.transaction.TransactionalTestExecutionListener@4ff64886, org.springframework.test.context.jdbc.SqlScriptsTestExecutionListener@68233a8a, org.springframework.test.context.event.EventPublishingTestExecutionListener@1f3f30da, org.springframework.boot.test.autoconfigure.restdocs.RestDocsTestExecutionListener@2c82a91d, org.springframework.boot.test.autoconfigure.web.client.MockRestServiceServerResetTestExecutionListener@51cd6673, org.springframework.boot.test.autoconfigure.web.servlet.MockMvcPrintOnlyOnFailureTestExecutionListener@20cbe1aa, org.springframework.boot.test.autoconfigure.web.servlet.WebDriverTestExecutionListener@4694bc89, org.springframework.boot.test.autoconfigure.webservices.client.MockWebServiceServerTestExecutionListener@7f672f07, org.springframework.boot.test.mock.mockito.ResetMocksTestExecutionListener@45233066]
17:34:13.731 [Test worker] DEBUG org.springframework.test.annotation.ProfileValueUtils - Retrieved @ProfileValueSourceConfiguration [null] for test class [pl.edu.pjwstk.jaz.LoginTest]
17:34:13.734 [Test worker] DEBUG org.springframework.test.annotation.ProfileValueUtils - Retrieved ProfileValueSource type [class org.springframework.test.annotation.SystemProfileValueSource] for class [pl.edu.pjwstk.jaz.LoginTest]
17:34:13.747 [Test worker] DEBUG org.springframework.test.annotation.ProfileValueUtils - Retrieved @ProfileValueSourceConfiguration [null] for test class [pl.edu.pjwstk.jaz.LoginTest]
17:34:13.748 [Test worker] DEBUG org.springframework.test.annotation.ProfileValueUtils - Retrieved ProfileValueSource type [class org.springframework.test.annotation.SystemProfileValueSource] for class [pl.edu.pjwstk.jaz.LoginTest]
17:34:13.753 [Test worker] DEBUG org.springframework.test.annotation.ProfileValueUtils - Retrieved @ProfileValueSourceConfiguration [null] for test class [pl.edu.pjwstk.jaz.LoginTest]
17:34:13.754 [Test worker] DEBUG org.springframework.test.annotation.ProfileValueUtils - Retrieved ProfileValueSource type [class org.springframework.test.annotation.SystemProfileValueSource] for class [pl.edu.pjwstk.jaz.LoginTest]
17:34:13.759 [Test worker] DEBUG org.springframework.test.context.support.AbstractDirtiesContextTestExecutionListener - Before test class: context [DefaultTestContext@654a32b6 testClass = LoginTest, testInstance = [null], testMethod = [null], testException = [null], mergedContextConfiguration = [MergedContextConfiguration@6355c19d testClass = LoginTest, locations = '{}', classes = '{}', contextInitializerClasses = '[]', activeProfiles = '{}', propertySourceLocations = '{}', propertySourceProperties = '{}', contextCustomizers = set[org.springframework.boot.test.autoconfigure.properties.PropertyMappingContextCustomizer@0, org.springframework.boot.test.autoconfigure.web.servlet.WebDriverContextCustomizerFactory$Customizer@45d63453, org.springframework.boot.test.context.filter.ExcludeFilterContextCustomizer@1e7e85a5, org.springframework.boot.test.json.DuplicateJsonObjectContextCustomizerFactory$DuplicateJsonObjectContextCustomizer@8a52fdc, org.springframework.boot.test.mock.mockito.MockitoContextCustomizer@0], contextLoader = 'org.springframework.test.context.support.DelegatingSmartContextLoader', parent = [null]], attributes = map[[empty]]], class annotated with @DirtiesContext [false] with mode [null].
17:34:17.554 [Test worker] DEBUG org.apache.http.impl.conn.BasicClientConnectionManager - Get connection for route {}->http://localhost:8080
17:34:17.584 [Test worker] DEBUG org.apache.http.impl.conn.DefaultClientConnectionOperator - Connecting to localhost:8080
17:34:17.638 [Test worker] DEBUG org.apache.http.client.protocol.RequestAddCookies - CookieSpec selected: ignoreCookies
17:34:17.640 [Test worker] DEBUG org.apache.http.client.protocol.RequestAuthCache - Auth cache not set in the context
17:34:17.641 [Test worker] DEBUG org.apache.http.client.protocol.RequestTargetAuthentication - Target auth state: UNCHALLENGED
17:34:17.641 [Test worker] DEBUG org.apache.http.client.protocol.RequestProxyAuthentication - Proxy auth state: UNCHALLENGED
17:34:17.642 [Test worker] DEBUG org.apache.http.impl.client.DefaultHttpClient - Attempt 1 to execute request
17:34:17.642 [Test worker] DEBUG org.apache.http.impl.conn.DefaultClientConnection - Sending request: POST /api/register HTTP/1.1
17:34:17.643 [Test worker] DEBUG org.apache.http.wire -  >> "POST /api/register HTTP/1.1[\r][\n]"
17:34:17.645 [Test worker] DEBUG org.apache.http.wire -  >> "Accept: */*[\r][\n]"
17:34:17.645 [Test worker] DEBUG org.apache.http.wire -  >> "Content-Type: application/json; charset=UTF-8[\r][\n]"
17:34:17.645 [Test worker] DEBUG org.apache.http.wire -  >> "Content-Length: 37[\r][\n]"
17:34:17.645 [Test worker] DEBUG org.apache.http.wire -  >> "Host: localhost:8080[\r][\n]"
17:34:17.646 [Test worker] DEBUG org.apache.http.wire -  >> "Connection: Keep-Alive[\r][\n]"
17:34:17.646 [Test worker] DEBUG org.apache.http.wire -  >> "User-Agent: Apache-HttpClient/4.5.12 (Java/11.0.9)[\r][\n]"
17:34:17.646 [Test worker] DEBUG org.apache.http.wire -  >> "Accept-Encoding: gzip,deflate[\r][\n]"
17:34:17.646 [Test worker] DEBUG org.apache.http.wire -  >> "[\r][\n]"
17:34:17.646 [Test worker] DEBUG org.apache.http.headers - >> POST /api/register HTTP/1.1
17:34:17.646 [Test worker] DEBUG org.apache.http.headers - >> Accept: */*
17:34:17.647 [Test worker] DEBUG org.apache.http.headers - >> Content-Type: application/json; charset=UTF-8
17:34:17.647 [Test worker] DEBUG org.apache.http.headers - >> Content-Length: 37
17:34:17.647 [Test worker] DEBUG org.apache.http.headers - >> Host: localhost:8080
17:34:17.647 [Test worker] DEBUG org.apache.http.headers - >> Connection: Keep-Alive
17:34:17.647 [Test worker] DEBUG org.apache.http.headers - >> User-Agent: Apache-HttpClient/4.5.12 (Java/11.0.9)
17:34:17.647 [Test worker] DEBUG org.apache.http.headers - >> Accept-Encoding: gzip,deflate
17:34:17.648 [Test worker] DEBUG org.apache.http.wire -  >> "{"username":"user","password":"user"}"
17:34:18.223 [Test worker] DEBUG org.apache.http.wire -  << "HTTP/1.1 200 [\r][\n]"
17:34:18.225 [Test worker] DEBUG org.apache.http.wire -  << "X-Content-Type-Options: nosniff[\r][\n]"
17:34:18.225 [Test worker] DEBUG org.apache.http.wire -  << "X-XSS-Protection: 1; mode=block[\r][\n]"
17:34:18.225 [Test worker] DEBUG org.apache.http.wire -  << "Cache-Control: no-cache, no-store, max-age=0, must-revalidate[\r][\n]"
17:34:18.225 [Test worker] DEBUG org.apache.http.wire -  << "Pragma: no-cache[\r][\n]"
17:34:18.226 [Test worker] DEBUG org.apache.http.wire -  << "Expires: 0[\r][\n]"
17:34:18.226 [Test worker] DEBUG org.apache.http.wire -  << "X-Frame-Options: DENY[\r][\n]"
17:34:18.226 [Test worker] DEBUG org.apache.http.wire -  << "Content-Length: 0[\r][\n]"
17:34:18.226 [Test worker] DEBUG org.apache.http.wire -  << "Date: Sun, 24 Jan 2021 16:34:18 GMT[\r][\n]"
17:34:18.226 [Test worker] DEBUG org.apache.http.wire -  << "Keep-Alive: timeout=60[\r][\n]"
17:34:18.226 [Test worker] DEBUG org.apache.http.wire -  << "Connection: keep-alive[\r][\n]"
17:34:18.226 [Test worker] DEBUG org.apache.http.wire -  << "[\r][\n]"
17:34:18.227 [Test worker] DEBUG org.apache.http.impl.conn.DefaultClientConnection - Receiving response: HTTP/1.1 200 
17:34:18.227 [Test worker] DEBUG org.apache.http.headers - << HTTP/1.1 200 
17:34:18.227 [Test worker] DEBUG org.apache.http.headers - << X-Content-Type-Options: nosniff
17:34:18.228 [Test worker] DEBUG org.apache.http.headers - << X-XSS-Protection: 1; mode=block
17:34:18.228 [Test worker] DEBUG org.apache.http.headers - << Cache-Control: no-cache, no-store, max-age=0, must-revalidate
17:34:18.228 [Test worker] DEBUG org.apache.http.headers - << Pragma: no-cache
17:34:18.228 [Test worker] DEBUG org.apache.http.headers - << Expires: 0
17:34:18.228 [Test worker] DEBUG org.apache.http.headers - << X-Frame-Options: DENY
17:34:18.228 [Test worker] DEBUG org.apache.http.headers - << Content-Length: 0
17:34:18.228 [Test worker] DEBUG org.apache.http.headers - << Date: Sun, 24 Jan 2021 16:34:18 GMT
17:34:18.228 [Test worker] DEBUG org.apache.http.headers - << Keep-Alive: timeout=60
17:34:18.228 [Test worker] DEBUG org.apache.http.headers - << Connection: keep-alive
17:34:18.234 [Test worker] DEBUG org.apache.http.impl.client.DefaultHttpClient - Connection can be kept alive for 60000 MILLISECONDS
17:34:18.401 [Test worker] DEBUG org.apache.http.impl.conn.BasicClientConnectionManager - Get connection for route {}->http://localhost:8080
17:34:18.402 [Test worker] DEBUG org.apache.http.impl.conn.DefaultClientConnectionOperator - Connecting to localhost:8080
17:34:18.403 [Test worker] DEBUG org.apache.http.client.protocol.RequestAddCookies - CookieSpec selected: ignoreCookies
17:34:18.403 [Test worker] DEBUG org.apache.http.client.protocol.RequestAuthCache - Auth cache not set in the context
17:34:18.403 [Test worker] DEBUG org.apache.http.client.protocol.RequestTargetAuthentication - Target auth state: UNCHALLENGED
17:34:18.404 [Test worker] DEBUG org.apache.http.client.protocol.RequestProxyAuthentication - Proxy auth state: UNCHALLENGED
17:34:18.405 [Test worker] DEBUG org.apache.http.impl.client.DefaultHttpClient - Attempt 1 to execute request
17:34:18.406 [Test worker] DEBUG org.apache.http.impl.conn.DefaultClientConnection - Sending request: POST /api/register HTTP/1.1
17:34:18.408 [Test worker] DEBUG org.apache.http.wire -  >> "POST /api/register HTTP/1.1[\r][\n]"
17:34:18.408 [Test worker] DEBUG org.apache.http.wire -  >> "Accept: */*[\r][\n]"
17:34:18.410 [Test worker] DEBUG org.apache.http.wire -  >> "Content-Type: application/json; charset=UTF-8[\r][\n]"
17:34:18.412 [Test worker] DEBUG org.apache.http.wire -  >> "Content-Length: 39[\r][\n]"
17:34:18.412 [Test worker] DEBUG org.apache.http.wire -  >> "Host: localhost:8080[\r][\n]"
17:34:18.413 [Test worker] DEBUG org.apache.http.wire -  >> "Connection: Keep-Alive[\r][\n]"
17:34:18.413 [Test worker] DEBUG org.apache.http.wire -  >> "User-Agent: Apache-HttpClient/4.5.12 (Java/11.0.9)[\r][\n]"
17:34:18.414 [Test worker] DEBUG org.apache.http.wire -  >> "Accept-Encoding: gzip,deflate[\r][\n]"
17:34:18.414 [Test worker] DEBUG org.apache.http.wire -  >> "[\r][\n]"
17:34:18.415 [Test worker] DEBUG org.apache.http.headers - >> POST /api/register HTTP/1.1
17:34:18.415 [Test worker] DEBUG org.apache.http.headers - >> Accept: */*
17:34:18.416 [Test worker] DEBUG org.apache.http.headers - >> Content-Type: application/json; charset=UTF-8
17:34:18.417 [Test worker] DEBUG org.apache.http.headers - >> Content-Length: 39
17:34:18.417 [Test worker] DEBUG org.apache.http.headers - >> Host: localhost:8080
17:34:18.418 [Test worker] DEBUG org.apache.http.headers - >> Connection: Keep-Alive
17:34:18.419 [Test worker] DEBUG org.apache.http.headers - >> User-Agent: Apache-HttpClient/4.5.12 (Java/11.0.9)
17:34:18.419 [Test worker] DEBUG org.apache.http.headers - >> Accept-Encoding: gzip,deflate
17:34:18.419 [Test worker] DEBUG org.apache.http.wire -  >> "{"username":"admin","password":"admin"}"
17:34:18.596 [Test worker] DEBUG org.apache.http.wire -  << "HTTP/1.1 200 [\r][\n]"
17:34:18.597 [Test worker] DEBUG org.apache.http.wire -  << "X-Content-Type-Options: nosniff[\r][\n]"
17:34:18.597 [Test worker] DEBUG org.apache.http.wire -  << "X-XSS-Protection: 1; mode=block[\r][\n]"
17:34:18.597 [Test worker] DEBUG org.apache.http.wire -  << "Cache-Control: no-cache, no-store, max-age=0, must-revalidate[\r][\n]"
17:34:18.597 [Test worker] DEBUG org.apache.http.wire -  << "Pragma: no-cache[\r][\n]"
17:34:18.597 [Test worker] DEBUG org.apache.http.wire -  << "Expires: 0[\r][\n]"
17:34:18.597 [Test worker] DEBUG org.apache.http.wire -  << "X-Frame-Options: DENY[\r][\n]"
17:34:18.597 [Test worker] DEBUG org.apache.http.wire -  << "Content-Length: 0[\r][\n]"
17:34:18.597 [Test worker] DEBUG org.apache.http.wire -  << "Date: Sun, 24 Jan 2021 16:34:18 GMT[\r][\n]"
17:34:18.598 [Test worker] DEBUG org.apache.http.wire -  << "Keep-Alive: timeout=60[\r][\n]"
17:34:18.598 [Test worker] DEBUG org.apache.http.wire -  << "Connection: keep-alive[\r][\n]"
17:34:18.598 [Test worker] DEBUG org.apache.http.wire -  << "[\r][\n]"
17:34:18.598 [Test worker] DEBUG org.apache.http.impl.conn.DefaultClientConnection - Receiving response: HTTP/1.1 200 
17:34:18.598 [Test worker] DEBUG org.apache.http.headers - << HTTP/1.1 200 
17:34:18.598 [Test worker] DEBUG org.apache.http.headers - << X-Content-Type-Options: nosniff
17:34:18.598 [Test worker] DEBUG org.apache.http.headers - << X-XSS-Protection: 1; mode=block
17:34:18.598 [Test worker] DEBUG org.apache.http.headers - << Cache-Control: no-cache, no-store, max-age=0, must-revalidate
17:34:18.598 [Test worker] DEBUG org.apache.http.headers - << Pragma: no-cache
17:34:18.598 [Test worker] DEBUG org.apache.http.headers - << Expires: 0
17:34:18.598 [Test worker] DEBUG org.apache.http.headers - << X-Frame-Options: DENY
17:34:18.599 [Test worker] DEBUG org.apache.http.headers - << Content-Length: 0
17:34:18.599 [Test worker] DEBUG org.apache.http.headers - << Date: Sun, 24 Jan 2021 16:34:18 GMT
17:34:18.599 [Test worker] DEBUG org.apache.http.headers - << Keep-Alive: timeout=60
17:34:18.599 [Test worker] DEBUG org.apache.http.headers - << Connection: keep-alive
17:34:18.599 [Test worker] DEBUG org.apache.http.impl.client.DefaultHttpClient - Connection can be kept alive for 60000 MILLISECONDS
17:34:18.618 [Test worker] DEBUG org.springframework.test.annotation.ProfileValueUtils - Retrieved @ProfileValueSourceConfiguration [null] for test class [pl.edu.pjwstk.jaz.LoginTest]
17:34:18.618 [Test worker] DEBUG org.springframework.test.annotation.ProfileValueUtils - Retrieved ProfileValueSource type [class org.springframework.test.annotation.SystemProfileValueSource] for class [pl.edu.pjwstk.jaz.LoginTest]
17:34:18.642 [Test worker] DEBUG org.springframework.test.context.support.DependencyInjectionTestExecutionListener - Performing dependency injection for test context [[DefaultTestContext@654a32b6 testClass = LoginTest, testInstance = pl.edu.pjwstk.jaz.LoginTest@36f31c0b, testMethod = [null], testException = [null], mergedContextConfiguration = [MergedContextConfiguration@6355c19d testClass = LoginTest, locations = '{}', classes = '{}', contextInitializerClasses = '[]', activeProfiles = '{}', propertySourceLocations = '{}', propertySourceProperties = '{}', contextCustomizers = set[org.springframework.boot.test.autoconfigure.properties.PropertyMappingContextCustomizer@0, org.springframework.boot.test.autoconfigure.web.servlet.WebDriverContextCustomizerFactory$Customizer@45d63453, org.springframework.boot.test.context.filter.ExcludeFilterContextCustomizer@1e7e85a5, org.springframework.boot.test.json.DuplicateJsonObjectContextCustomizerFactory$DuplicateJsonObjectContextCustomizer@8a52fdc, org.springframework.boot.test.mock.mockito.MockitoContextCustomizer@0], contextLoader = 'org.springframework.test.context.support.DelegatingSmartContextLoader', parent = [null]], attributes = map[[empty]]]].
17:34:18.643 [Test worker] DEBUG org.springframework.test.context.support.AbstractDelegatingSmartContextLoader - Delegating to AnnotationConfigContextLoader to load context from [MergedContextConfiguration@6355c19d testClass = LoginTest, locations = '{}', classes = '{}', contextInitializerClasses = '[]', activeProfiles = '{}', propertySourceLocations = '{}', propertySourceProperties = '{}', contextCustomizers = set[org.springframework.boot.test.autoconfigure.properties.PropertyMappingContextCustomizer@0, org.springframework.boot.test.autoconfigure.web.servlet.WebDriverContextCustomizerFactory$Customizer@45d63453, org.springframework.boot.test.context.filter.ExcludeFilterContextCustomizer@1e7e85a5, org.springframework.boot.test.json.DuplicateJsonObjectContextCustomizerFactory$DuplicateJsonObjectContextCustomizer@8a52fdc, org.springframework.boot.test.mock.mockito.MockitoContextCustomizer@0], contextLoader = 'org.springframework.test.context.support.DelegatingSmartContextLoader', parent = [null]].
17:34:18.644 [Test worker] DEBUG org.springframework.test.context.support.AbstractGenericContextLoader - Loading ApplicationContext for merged context configuration [[MergedContextConfiguration@6355c19d testClass = LoginTest, locations = '{}', classes = '{}', contextInitializerClasses = '[]', activeProfiles = '{}', propertySourceLocations = '{}', propertySourceProperties = '{}', contextCustomizers = set[org.springframework.boot.test.autoconfigure.properties.PropertyMappingContextCustomizer@0, org.springframework.boot.test.autoconfigure.web.servlet.WebDriverContextCustomizerFactory$Customizer@45d63453, org.springframework.boot.test.context.filter.ExcludeFilterContextCustomizer@1e7e85a5, org.springframework.boot.test.json.DuplicateJsonObjectContextCustomizerFactory$DuplicateJsonObjectContextCustomizer@8a52fdc, org.springframework.boot.test.mock.mockito.MockitoContextCustomizer@0], contextLoader = 'org.springframework.test.context.support.DelegatingSmartContextLoader', parent = [null]]].
17:34:18.719 [Test worker] DEBUG org.springframework.core.env.StandardEnvironment - Activating profiles []
17:34:18.721 [Test worker] DEBUG org.springframework.test.context.support.AnnotationConfigContextLoader - Registering component classes: {}
17:34:18.774 [Test worker] DEBUG org.springframework.context.support.GenericApplicationContext - Refreshing org.springframework.context.support.GenericApplicationContext@709cda57
17:34:18.807 [Test worker] DEBUG org.springframework.beans.factory.support.DefaultListableBeanFactory - Creating shared instance of singleton bean 'org.springframework.context.annotation.internalConfigurationAnnotationProcessor'
17:34:18.856 [Test worker] DEBUG org.springframework.beans.factory.support.DefaultListableBeanFactory - Creating shared instance of singleton bean 'org.springframework.boot.test.mock.mockito.MockitoPostProcessor'
17:34:18.889 [Test worker] DEBUG org.springframework.beans.factory.support.DefaultListableBeanFactory - Creating shared instance of singleton bean 'org.springframework.context.event.internalEventListenerProcessor'
17:34:18.893 [Test worker] DEBUG org.springframework.beans.factory.support.DefaultListableBeanFactory - Creating shared instance of singleton bean 'org.springframework.context.event.internalEventListenerFactory'
17:34:18.896 [Test worker] DEBUG org.springframework.beans.factory.support.DefaultListableBeanFactory - Creating shared instance of singleton bean 'org.springframework.context.annotation.internalAutowiredAnnotationProcessor'
17:34:18.899 [Test worker] DEBUG org.springframework.beans.factory.support.DefaultListableBeanFactory - Creating shared instance of singleton bean 'org.springframework.context.annotation.internalCommonAnnotationProcessor'
17:34:18.907 [Test worker] DEBUG org.springframework.beans.factory.support.DefaultListableBeanFactory - Creating shared instance of singleton bean 'org.springframework.context.annotation.internalPersistenceAnnotationProcessor'
17:34:18.910 [Test worker] DEBUG org.springframework.beans.factory.support.DefaultListableBeanFactory - Creating shared instance of singleton bean 'org.springframework.boot.test.mock.mockito.MockitoPostProcessor$SpyPostProcessor'
17:34:18.949 [Test worker] DEBUG org.springframework.test.context.cache.DefaultCacheAwareContextLoaderDelegate - Storing ApplicationContext [1889327703] in cache under key [[MergedContextConfiguration@6355c19d testClass = LoginTest, locations = '{}', classes = '{}', contextInitializerClasses = '[]', activeProfiles = '{}', propertySourceLocations = '{}', propertySourceProperties = '{}', contextCustomizers = set[org.springframework.boot.test.autoconfigure.properties.PropertyMappingContextCustomizer@0, org.springframework.boot.test.autoconfigure.web.servlet.WebDriverContextCustomizerFactory$Customizer@45d63453, org.springframework.boot.test.context.filter.ExcludeFilterContextCustomizer@1e7e85a5, org.springframework.boot.test.json.DuplicateJsonObjectContextCustomizerFactory$DuplicateJsonObjectContextCustomizer@8a52fdc, org.springframework.boot.test.mock.mockito.MockitoContextCustomizer@0], contextLoader = 'org.springframework.test.context.support.DelegatingSmartContextLoader', parent = [null]]]
17:34:18.949 [Test worker] DEBUG org.springframework.test.context.cache - Spring test ApplicationContext cache statistics: [DefaultContextCache@71bf5ea3 size = 1, maxSize = 32, parentContextCount = 0, hitCount = 0, missCount = 1]
17:34:18.973 [Test worker] DEBUG org.springframework.test.context.cache.DefaultCacheAwareContextLoaderDelegate - Retrieved ApplicationContext [1889327703] from cache with key [[MergedContextConfiguration@6355c19d testClass = LoginTest, locations = '{}', classes = '{}', contextInitializerClasses = '[]', activeProfiles = '{}', propertySourceLocations = '{}', propertySourceProperties = '{}', contextCustomizers = set[org.springframework.boot.test.autoconfigure.properties.PropertyMappingContextCustomizer@0, org.springframework.boot.test.autoconfigure.web.servlet.WebDriverContextCustomizerFactory$Customizer@45d63453, org.springframework.boot.test.context.filter.ExcludeFilterContextCustomizer@1e7e85a5, org.springframework.boot.test.json.DuplicateJsonObjectContextCustomizerFactory$DuplicateJsonObjectContextCustomizer@8a52fdc, org.springframework.boot.test.mock.mockito.MockitoContextCustomizer@0], contextLoader = 'org.springframework.test.context.support.DelegatingSmartContextLoader', parent = [null]]]
17:34:18.973 [Test worker] DEBUG org.springframework.test.context.cache - Spring test ApplicationContext cache statistics: [DefaultContextCache@71bf5ea3 size = 1, maxSize = 32, parentContextCount = 0, hitCount = 1, missCount = 1]
17:34:18.997 [Test worker] DEBUG org.springframework.test.context.support.AbstractDirtiesContextTestExecutionListener - Before test method: context [DefaultTestContext@654a32b6 testClass = LoginTest, testInstance = pl.edu.pjwstk.jaz.LoginTest@36f31c0b, testMethod = should_login_registered_user@LoginTest, testException = [null], mergedContextConfiguration = [MergedContextConfiguration@6355c19d testClass = LoginTest, locations = '{}', classes = '{}', contextInitializerClasses = '[]', activeProfiles = '{}', propertySourceLocations = '{}', propertySourceProperties = '{}', contextCustomizers = set[org.springframework.boot.test.autoconfigure.properties.PropertyMappingContextCustomizer@0, org.springframework.boot.test.autoconfigure.web.servlet.WebDriverContextCustomizerFactory$Customizer@45d63453, org.springframework.boot.test.context.filter.ExcludeFilterContextCustomizer@1e7e85a5, org.springframework.boot.test.json.DuplicateJsonObjectContextCustomizerFactory$DuplicateJsonObjectContextCustomizer@8a52fdc, org.springframework.boot.test.mock.mockito.MockitoContextCustomizer@0], contextLoader = 'org.springframework.test.context.support.DelegatingSmartContextLoader', parent = [null]], attributes = map[[empty]]], class annotated with @DirtiesContext [false] with mode [null], method annotated with @DirtiesContext [false] with mode [null].
17:34:19.017 [Test worker] DEBUG org.springframework.test.context.cache.DefaultCacheAwareContextLoaderDelegate - Retrieved ApplicationContext [1889327703] from cache with key [[MergedContextConfiguration@6355c19d testClass = LoginTest, locations = '{}', classes = '{}', contextInitializerClasses = '[]', activeProfiles = '{}', propertySourceLocations = '{}', propertySourceProperties = '{}', contextCustomizers = set[org.springframework.boot.test.autoconfigure.properties.PropertyMappingContextCustomizer@0, org.springframework.boot.test.autoconfigure.web.servlet.WebDriverContextCustomizerFactory$Customizer@45d63453, org.springframework.boot.test.context.filter.ExcludeFilterContextCustomizer@1e7e85a5, org.springframework.boot.test.json.DuplicateJsonObjectContextCustomizerFactory$DuplicateJsonObjectContextCustomizer@8a52fdc, org.springframework.boot.test.mock.mockito.MockitoContextCustomizer@0], contextLoader = 'org.springframework.test.context.support.DelegatingSmartContextLoader', parent = [null]]]
17:34:19.017 [Test worker] DEBUG org.springframework.test.context.cache - Spring test ApplicationContext cache statistics: [DefaultContextCache@71bf5ea3 size = 1, maxSize = 32, parentContextCount = 0, hitCount = 2, missCount = 1]
17:34:19.018 [Test worker] DEBUG org.springframework.test.context.cache.DefaultCacheAwareContextLoaderDelegate - Retrieved ApplicationContext [1889327703] from cache with key [[MergedContextConfiguration@6355c19d testClass = LoginTest, locations = '{}', classes = '{}', contextInitializerClasses = '[]', activeProfiles = '{}', propertySourceLocations = '{}', propertySourceProperties = '{}', contextCustomizers = set[org.springframework.boot.test.autoconfigure.properties.PropertyMappingContextCustomizer@0, org.springframework.boot.test.autoconfigure.web.servlet.WebDriverContextCustomizerFactory$Customizer@45d63453, org.springframework.boot.test.context.filter.ExcludeFilterContextCustomizer@1e7e85a5, org.springframework.boot.test.json.DuplicateJsonObjectContextCustomizerFactory$DuplicateJsonObjectContextCustomizer@8a52fdc, org.springframework.boot.test.mock.mockito.MockitoContextCustomizer@0], contextLoader = 'org.springframework.test.context.support.DelegatingSmartContextLoader', parent = [null]]]
17:34:19.019 [Test worker] DEBUG org.springframework.test.context.cache - Spring test ApplicationContext cache statistics: [DefaultContextCache@71bf5ea3 size = 1, maxSize = 32, parentContextCount = 0, hitCount = 3, missCount = 1]
17:34:19.082 [Finalizer] DEBUG org.apache.http.impl.conn.DefaultClientConnection - Connection 0.0.0.0:53404<->127.0.0.1:8080 closed
17:34:19.832 [Test worker] DEBUG org.springframework.test.context.cache.DefaultCacheAwareContextLoaderDelegate - Retrieved ApplicationContext [1889327703] from cache with key [[MergedContextConfiguration@6355c19d testClass = LoginTest, locations = '{}', classes = '{}', contextInitializerClasses = '[]', activeProfiles = '{}', propertySourceLocations = '{}', propertySourceProperties = '{}', contextCustomizers = set[org.springframework.boot.test.autoconfigure.properties.PropertyMappingContextCustomizer@0, org.springframework.boot.test.autoconfigure.web.servlet.WebDriverContextCustomizerFactory$Customizer@45d63453, org.springframework.boot.test.context.filter.ExcludeFilterContextCustomizer@1e7e85a5, org.springframework.boot.test.json.DuplicateJsonObjectContextCustomizerFactory$DuplicateJsonObjectContextCustomizer@8a52fdc, org.springframework.boot.test.mock.mockito.MockitoContextCustomizer@0], contextLoader = 'org.springframework.test.context.support.DelegatingSmartContextLoader', parent = [null]]]
17:34:19.832 [Test worker] DEBUG org.springframework.test.context.cache - Spring test ApplicationContext cache statistics: [DefaultContextCache@71bf5ea3 size = 1, maxSize = 32, parentContextCount = 0, hitCount = 4, missCount = 1]
17:34:19.898 [Test worker] DEBUG org.apache.http.impl.conn.BasicClientConnectionManager - Get connection for route {}->http://localhost:8080
17:34:19.898 [Test worker] DEBUG org.apache.http.impl.conn.DefaultClientConnectionOperator - Connecting to localhost:8080
17:34:19.899 [Test worker] DEBUG org.apache.http.client.protocol.RequestAddCookies - CookieSpec selected: ignoreCookies
17:34:19.900 [Test worker] DEBUG org.apache.http.client.protocol.RequestAuthCache - Auth cache not set in the context
17:34:19.900 [Test worker] DEBUG org.apache.http.client.protocol.RequestTargetAuthentication - Target auth state: UNCHALLENGED
17:34:19.900 [Test worker] DEBUG org.apache.http.client.protocol.RequestProxyAuthentication - Proxy auth state: UNCHALLENGED
17:34:19.901 [Test worker] DEBUG org.apache.http.impl.client.DefaultHttpClient - Attempt 1 to execute request
17:34:19.901 [Test worker] DEBUG org.apache.http.impl.conn.DefaultClientConnection - Sending request: POST /api/login HTTP/1.1
17:34:19.901 [Test worker] DEBUG org.apache.http.wire -  >> "POST /api/login HTTP/1.1[\r][\n]"
17:34:19.901 [Test worker] DEBUG org.apache.http.wire -  >> "Accept: */*[\r][\n]"
17:34:19.901 [Test worker] DEBUG org.apache.http.wire -  >> "Content-Type: application/json; charset=UTF-8[\r][\n]"
17:34:19.901 [Test worker] DEBUG org.apache.http.wire -  >> "Content-Length: 37[\r][\n]"
17:34:19.901 [Test worker] DEBUG org.apache.http.wire -  >> "Host: localhost:8080[\r][\n]"
17:34:19.901 [Test worker] DEBUG org.apache.http.wire -  >> "Connection: Keep-Alive[\r][\n]"
17:34:19.901 [Test worker] DEBUG org.apache.http.wire -  >> "User-Agent: Apache-HttpClient/4.5.12 (Java/11.0.9)[\r][\n]"
17:34:19.902 [Test worker] DEBUG org.apache.http.wire -  >> "Accept-Encoding: gzip,deflate[\r][\n]"
17:34:19.902 [Test worker] DEBUG org.apache.http.wire -  >> "[\r][\n]"
17:34:19.902 [Test worker] DEBUG org.apache.http.headers - >> POST /api/login HTTP/1.1
17:34:19.902 [Test worker] DEBUG org.apache.http.headers - >> Accept: */*
17:34:19.902 [Test worker] DEBUG org.apache.http.headers - >> Content-Type: application/json; charset=UTF-8
17:34:19.902 [Test worker] DEBUG org.apache.http.headers - >> Content-Length: 37
17:34:19.902 [Test worker] DEBUG org.apache.http.headers - >> Host: localhost:8080
17:34:19.902 [Test worker] DEBUG org.apache.http.headers - >> Connection: Keep-Alive
17:34:19.902 [Test worker] DEBUG org.apache.http.headers - >> User-Agent: Apache-HttpClient/4.5.12 (Java/11.0.9)
17:34:19.902 [Test worker] DEBUG org.apache.http.headers - >> Accept-Encoding: gzip,deflate
17:34:19.902 [Test worker] DEBUG org.apache.http.wire -  >> "{"username":"user","password":"user"}"
17:34:20.298 [Test worker] DEBUG org.apache.http.wire -  << "HTTP/1.1 202 [\r][\n]"
17:34:20.299 [Test worker] DEBUG org.apache.http.wire -  << "Set-Cookie: JSESSIONID=4F932312AC63C9BC18725097671F85DC; Path=/api; HttpOnly[\r][\n]"
17:34:20.299 [Test worker] DEBUG org.apache.http.wire -  << "X-Content-Type-Options: nosniff[\r][\n]"
17:34:20.299 [Test worker] DEBUG org.apache.http.wire -  << "X-XSS-Protection: 1; mode=block[\r][\n]"
17:34:20.299 [Test worker] DEBUG org.apache.http.wire -  << "Cache-Control: no-cache, no-store, max-age=0, must-revalidate[\r][\n]"
17:34:20.299 [Test worker] DEBUG org.apache.http.wire -  << "Pragma: no-cache[\r][\n]"
17:34:20.300 [Test worker] DEBUG org.apache.http.wire -  << "Expires: 0[\r][\n]"
17:34:20.300 [Test worker] DEBUG org.apache.http.wire -  << "X-Frame-Options: DENY[\r][\n]"
17:34:20.300 [Test worker] DEBUG org.apache.http.wire -  << "Content-Type: text/plain;charset=UTF-8[\r][\n]"
17:34:20.300 [Test worker] DEBUG org.apache.http.wire -  << "Content-Length: 9[\r][\n]"
17:34:20.300 [Test worker] DEBUG org.apache.http.wire -  << "Date: Sun, 24 Jan 2021 16:34:20 GMT[\r][\n]"
17:34:20.300 [Test worker] DEBUG org.apache.http.wire -  << "Keep-Alive: timeout=60[\r][\n]"
17:34:20.300 [Test worker] DEBUG org.apache.http.wire -  << "Connection: keep-alive[\r][\n]"
17:34:20.300 [Test worker] DEBUG org.apache.http.wire -  << "[\r][\n]"
17:34:20.301 [Test worker] DEBUG org.apache.http.impl.conn.DefaultClientConnection - Receiving response: HTTP/1.1 202 
17:34:20.301 [Test worker] DEBUG org.apache.http.headers - << HTTP/1.1 202 
17:34:20.301 [Test worker] DEBUG org.apache.http.headers - << Set-Cookie: JSESSIONID=4F932312AC63C9BC18725097671F85DC; Path=/api; HttpOnly
17:34:20.301 [Test worker] DEBUG org.apache.http.headers - << X-Content-Type-Options: nosniff
17:34:20.301 [Test worker] DEBUG org.apache.http.headers - << X-XSS-Protection: 1; mode=block
17:34:20.301 [Test worker] DEBUG org.apache.http.headers - << Cache-Control: no-cache, no-store, max-age=0, must-revalidate
17:34:20.301 [Test worker] DEBUG org.apache.http.headers - << Pragma: no-cache
17:34:20.301 [Test worker] DEBUG org.apache.http.headers - << Expires: 0
17:34:20.301 [Test worker] DEBUG org.apache.http.headers - << X-Frame-Options: DENY
17:34:20.301 [Test worker] DEBUG org.apache.http.headers - << Content-Type: text/plain;charset=UTF-8
17:34:20.301 [Test worker] DEBUG org.apache.http.headers - << Content-Length: 9
17:34:20.301 [Test worker] DEBUG org.apache.http.headers - << Date: Sun, 24 Jan 2021 16:34:20 GMT
17:34:20.301 [Test worker] DEBUG org.apache.http.headers - << Keep-Alive: timeout=60
17:34:20.301 [Test worker] DEBUG org.apache.http.headers - << Connection: keep-alive
17:34:20.302 [Test worker] DEBUG org.apache.http.impl.client.DefaultHttpClient - Connection can be kept alive for 60000 MILLISECONDS
17:34:20.303 [Test worker] DEBUG io.restassured.internal.RequestSpecificationImpl$RestAssuredHttpBuilder - Parsing response as: text/plain;charset=UTF-8
17:34:20.303 [Test worker] DEBUG io.restassured.internal.RequestSpecificationImpl$RestAssuredHttpBuilder - Parsed data to instance of: class org.apache.http.conn.EofSensorInputStream
17:34:20.460 [Test worker] DEBUG org.springframework.test.context.cache.DefaultCacheAwareContextLoaderDelegate - Retrieved ApplicationContext [1889327703] from cache with key [[MergedContextConfiguration@6355c19d testClass = LoginTest, locations = '{}', classes = '{}', contextInitializerClasses = '[]', activeProfiles = '{}', propertySourceLocations = '{}', propertySourceProperties = '{}', contextCustomizers = set[org.springframework.boot.test.autoconfigure.properties.PropertyMappingContextCustomizer@0, org.springframework.boot.test.autoconfigure.web.servlet.WebDriverContextCustomizerFactory$Customizer@45d63453, org.springframework.boot.test.context.filter.ExcludeFilterContextCustomizer@1e7e85a5, org.springframework.boot.test.json.DuplicateJsonObjectContextCustomizerFactory$DuplicateJsonObjectContextCustomizer@8a52fdc, org.springframework.boot.test.mock.mockito.MockitoContextCustomizer@0], contextLoader = 'org.springframework.test.context.support.DelegatingSmartContextLoader', parent = [null]]]
17:34:20.461 [Test worker] DEBUG org.springframework.test.context.cache - Spring test ApplicationContext cache statistics: [DefaultContextCache@71bf5ea3 size = 1, maxSize = 32, parentContextCount = 0, hitCount = 5, missCount = 1]
17:34:20.463 [Test worker] DEBUG org.springframework.test.context.cache.DefaultCacheAwareContextLoaderDelegate - Retrieved ApplicationContext [1889327703] from cache with key [[MergedContextConfiguration@6355c19d testClass = LoginTest, locations = '{}', classes = '{}', contextInitializerClasses = '[]', activeProfiles = '{}', propertySourceLocations = '{}', propertySourceProperties = '{}', contextCustomizers = set[org.springframework.boot.test.autoconfigure.properties.PropertyMappingContextCustomizer@0, org.springframework.boot.test.autoconfigure.web.servlet.WebDriverContextCustomizerFactory$Customizer@45d63453, org.springframework.boot.test.context.filter.ExcludeFilterContextCustomizer@1e7e85a5, org.springframework.boot.test.json.DuplicateJsonObjectContextCustomizerFactory$DuplicateJsonObjectContextCustomizer@8a52fdc, org.springframework.boot.test.mock.mockito.MockitoContextCustomizer@0], contextLoader = 'org.springframework.test.context.support.DelegatingSmartContextLoader', parent = [null]]]
17:34:20.463 [Test worker] DEBUG org.springframework.test.context.cache - Spring test ApplicationContext cache statistics: [DefaultContextCache@71bf5ea3 size = 1, maxSize = 32, parentContextCount = 0, hitCount = 6, missCount = 1]
17:34:20.468 [Test worker] DEBUG org.springframework.test.context.cache.DefaultCacheAwareContextLoaderDelegate - Retrieved ApplicationContext [1889327703] from cache with key [[MergedContextConfiguration@6355c19d testClass = LoginTest, locations = '{}', classes = '{}', contextInitializerClasses = '[]', activeProfiles = '{}', propertySourceLocations = '{}', propertySourceProperties = '{}', contextCustomizers = set[org.springframework.boot.test.autoconfigure.properties.PropertyMappingContextCustomizer@0, org.springframework.boot.test.autoconfigure.web.servlet.WebDriverContextCustomizerFactory$Customizer@45d63453, org.springframework.boot.test.context.filter.ExcludeFilterContextCustomizer@1e7e85a5, org.springframework.boot.test.json.DuplicateJsonObjectContextCustomizerFactory$DuplicateJsonObjectContextCustomizer@8a52fdc, org.springframework.boot.test.mock.mockito.MockitoContextCustomizer@0], contextLoader = 'org.springframework.test.context.support.DelegatingSmartContextLoader', parent = [null]]]
17:34:20.468 [Test worker] DEBUG org.springframework.test.context.cache - Spring test ApplicationContext cache statistics: [DefaultContextCache@71bf5ea3 size = 1, maxSize = 32, parentContextCount = 0, hitCount = 7, missCount = 1]
17:34:20.472 [Test worker] DEBUG org.springframework.test.context.cache.DefaultCacheAwareContextLoaderDelegate - Retrieved ApplicationContext [1889327703] from cache with key [[MergedContextConfiguration@6355c19d testClass = LoginTest, locations = '{}', classes = '{}', contextInitializerClasses = '[]', activeProfiles = '{}', propertySourceLocations = '{}', propertySourceProperties = '{}', contextCustomizers = set[org.springframework.boot.test.autoconfigure.properties.PropertyMappingContextCustomizer@0, org.springframework.boot.test.autoconfigure.web.servlet.WebDriverContextCustomizerFactory$Customizer@45d63453, org.springframework.boot.test.context.filter.ExcludeFilterContextCustomizer@1e7e85a5, org.springframework.boot.test.json.DuplicateJsonObjectContextCustomizerFactory$DuplicateJsonObjectContextCustomizer@8a52fdc, org.springframework.boot.test.mock.mockito.MockitoContextCustomizer@0], contextLoader = 'org.springframework.test.context.support.DelegatingSmartContextLoader', parent = [null]]]
17:34:20.472 [Test worker] DEBUG org.springframework.test.context.cache - Spring test ApplicationContext cache statistics: [DefaultContextCache@71bf5ea3 size = 1, maxSize = 32, parentContextCount = 0, hitCount = 8, missCount = 1]
17:34:20.477 [Test worker] DEBUG org.springframework.test.context.cache.DefaultCacheAwareContextLoaderDelegate - Retrieved ApplicationContext [1889327703] from cache with key [[MergedContextConfiguration@6355c19d testClass = LoginTest, locations = '{}', classes = '{}', contextInitializerClasses = '[]', activeProfiles = '{}', propertySourceLocations = '{}', propertySourceProperties = '{}', contextCustomizers = set[org.springframework.boot.test.autoconfigure.properties.PropertyMappingContextCustomizer@0, org.springframework.boot.test.autoconfigure.web.servlet.WebDriverContextCustomizerFactory$Customizer@45d63453, org.springframework.boot.test.context.filter.ExcludeFilterContextCustomizer@1e7e85a5, org.springframework.boot.test.json.DuplicateJsonObjectContextCustomizerFactory$DuplicateJsonObjectContextCustomizer@8a52fdc, org.springframework.boot.test.mock.mockito.MockitoContextCustomizer@0], contextLoader = 'org.springframework.test.context.support.DelegatingSmartContextLoader', parent = [null]]]
17:34:20.477 [Test worker] DEBUG org.springframework.test.context.cache - Spring test ApplicationContext cache statistics: [DefaultContextCache@71bf5ea3 size = 1, maxSize = 32, parentContextCount = 0, hitCount = 9, missCount = 1]
17:34:20.481 [Test worker] DEBUG org.springframework.test.context.cache.DefaultCacheAwareContextLoaderDelegate - Retrieved ApplicationContext [1889327703] from cache with key [[MergedContextConfiguration@6355c19d testClass = LoginTest, locations = '{}', classes = '{}', contextInitializerClasses = '[]', activeProfiles = '{}', propertySourceLocations = '{}', propertySourceProperties = '{}', contextCustomizers = set[org.springframework.boot.test.autoconfigure.properties.PropertyMappingContextCustomizer@0, org.springframework.boot.test.autoconfigure.web.servlet.WebDriverContextCustomizerFactory$Customizer@45d63453, org.springframework.boot.test.context.filter.ExcludeFilterContextCustomizer@1e7e85a5, org.springframework.boot.test.json.DuplicateJsonObjectContextCustomizerFactory$DuplicateJsonObjectContextCustomizer@8a52fdc, org.springframework.boot.test.mock.mockito.MockitoContextCustomizer@0], contextLoader = 'org.springframework.test.context.support.DelegatingSmartContextLoader', parent = [null]]]
17:34:20.482 [Test worker] DEBUG org.springframework.test.context.cache - Spring test ApplicationContext cache statistics: [DefaultContextCache@71bf5ea3 size = 1, maxSize = 32, parentContextCount = 0, hitCount = 10, missCount = 1]
17:34:20.485 [Test worker] DEBUG org.springframework.test.context.support.AbstractDirtiesContextTestExecutionListener - After test method: context [DefaultTestContext@654a32b6 testClass = LoginTest, testInstance = pl.edu.pjwstk.jaz.LoginTest@36f31c0b, testMethod = should_login_registered_user@LoginTest, testException = [null], mergedContextConfiguration = [MergedContextConfiguration@6355c19d testClass = LoginTest, locations = '{}', classes = '{}', contextInitializerClasses = '[]', activeProfiles = '{}', propertySourceLocations = '{}', propertySourceProperties = '{}', contextCustomizers = set[org.springframework.boot.test.autoconfigure.properties.PropertyMappingContextCustomizer@0, org.springframework.boot.test.autoconfigure.web.servlet.WebDriverContextCustomizerFactory$Customizer@45d63453, org.springframework.boot.test.context.filter.ExcludeFilterContextCustomizer@1e7e85a5, org.springframework.boot.test.json.DuplicateJsonObjectContextCustomizerFactory$DuplicateJsonObjectContextCustomizer@8a52fdc, org.springframework.boot.test.mock.mockito.MockitoContextCustomizer@0], contextLoader = 'org.springframework.test.context.support.DelegatingSmartContextLoader', parent = [null]], attributes = map[[empty]]], class annotated with @DirtiesContext [false] with mode [null], method annotated with @DirtiesContext [false] with mode [null].
17:34:20.487 [Test worker] DEBUG org.springframework.test.annotation.ProfileValueUtils - Retrieved @ProfileValueSourceConfiguration [null] for test class [pl.edu.pjwstk.jaz.LoginTest]
17:34:20.487 [Test worker] DEBUG org.springframework.test.annotation.ProfileValueUtils - Retrieved ProfileValueSource type [class org.springframework.test.annotation.SystemProfileValueSource] for class [pl.edu.pjwstk.jaz.LoginTest]
17:34:20.491 [Test worker] DEBUG org.springframework.test.context.support.DependencyInjectionTestExecutionListener - Performing dependency injection for test context [[DefaultTestContext@654a32b6 testClass = LoginTest, testInstance = pl.edu.pjwstk.jaz.LoginTest@4143a448, testMethod = [null], testException = [null], mergedContextConfiguration = [MergedContextConfiguration@6355c19d testClass = LoginTest, locations = '{}', classes = '{}', contextInitializerClasses = '[]', activeProfiles = '{}', propertySourceLocations = '{}', propertySourceProperties = '{}', contextCustomizers = set[org.springframework.boot.test.autoconfigure.properties.PropertyMappingContextCustomizer@0, org.springframework.boot.test.autoconfigure.web.servlet.WebDriverContextCustomizerFactory$Customizer@45d63453, org.springframework.boot.test.context.filter.ExcludeFilterContextCustomizer@1e7e85a5, org.springframework.boot.test.json.DuplicateJsonObjectContextCustomizerFactory$DuplicateJsonObjectContextCustomizer@8a52fdc, org.springframework.boot.test.mock.mockito.MockitoContextCustomizer@0], contextLoader = 'org.springframework.test.context.support.DelegatingSmartContextLoader', parent = [null]], attributes = map[[empty]]]].
17:34:20.492 [Test worker] DEBUG org.springframework.test.context.cache.DefaultCacheAwareContextLoaderDelegate - Retrieved ApplicationContext [1889327703] from cache with key [[MergedContextConfiguration@6355c19d testClass = LoginTest, locations = '{}', classes = '{}', contextInitializerClasses = '[]', activeProfiles = '{}', propertySourceLocations = '{}', propertySourceProperties = '{}', contextCustomizers = set[org.springframework.boot.test.autoconfigure.properties.PropertyMappingContextCustomizer@0, org.springframework.boot.test.autoconfigure.web.servlet.WebDriverContextCustomizerFactory$Customizer@45d63453, org.springframework.boot.test.context.filter.ExcludeFilterContextCustomizer@1e7e85a5, org.springframework.boot.test.json.DuplicateJsonObjectContextCustomizerFactory$DuplicateJsonObjectContextCustomizer@8a52fdc, org.springframework.boot.test.mock.mockito.MockitoContextCustomizer@0], contextLoader = 'org.springframework.test.context.support.DelegatingSmartContextLoader', parent = [null]]]
17:34:20.493 [Test worker] DEBUG org.springframework.test.context.cache - Spring test ApplicationContext cache statistics: [DefaultContextCache@71bf5ea3 size = 1, maxSize = 32, parentContextCount = 0, hitCount = 11, missCount = 1]
17:34:20.495 [Test worker] DEBUG org.springframework.test.context.cache.DefaultCacheAwareContextLoaderDelegate - Retrieved ApplicationContext [1889327703] from cache with key [[MergedContextConfiguration@6355c19d testClass = LoginTest, locations = '{}', classes = '{}', contextInitializerClasses = '[]', activeProfiles = '{}', propertySourceLocations = '{}', propertySourceProperties = '{}', contextCustomizers = set[org.springframework.boot.test.autoconfigure.properties.PropertyMappingContextCustomizer@0, org.springframework.boot.test.autoconfigure.web.servlet.WebDriverContextCustomizerFactory$Customizer@45d63453, org.springframework.boot.test.context.filter.ExcludeFilterContextCustomizer@1e7e85a5, org.springframework.boot.test.json.DuplicateJsonObjectContextCustomizerFactory$DuplicateJsonObjectContextCustomizer@8a52fdc, org.springframework.boot.test.mock.mockito.MockitoContextCustomizer@0], contextLoader = 'org.springframework.test.context.support.DelegatingSmartContextLoader', parent = [null]]]
17:34:20.496 [Test worker] DEBUG org.springframework.test.context.cache - Spring test ApplicationContext cache statistics: [DefaultContextCache@71bf5ea3 size = 1, maxSize = 32, parentContextCount = 0, hitCount = 12, missCount = 1]
17:34:20.506 [Test worker] DEBUG org.springframework.test.context.support.AbstractDirtiesContextTestExecutionListener - Before test method: context [DefaultTestContext@654a32b6 testClass = LoginTest, testInstance = pl.edu.pjwstk.jaz.LoginTest@4143a448, testMethod = registerTest@LoginTest, testException = [null], mergedContextConfiguration = [MergedContextConfiguration@6355c19d testClass = LoginTest, locations = '{}', classes = '{}', contextInitializerClasses = '[]', activeProfiles = '{}', propertySourceLocations = '{}', propertySourceProperties = '{}', contextCustomizers = set[org.springframework.boot.test.autoconfigure.properties.PropertyMappingContextCustomizer@0, org.springframework.boot.test.autoconfigure.web.servlet.WebDriverContextCustomizerFactory$Customizer@45d63453, org.springframework.boot.test.context.filter.ExcludeFilterContextCustomizer@1e7e85a5, org.springframework.boot.test.json.DuplicateJsonObjectContextCustomizerFactory$DuplicateJsonObjectContextCustomizer@8a52fdc, org.springframework.boot.test.mock.mockito.MockitoContextCustomizer@0], contextLoader = 'org.springframework.test.context.support.DelegatingSmartContextLoader', parent = [null]], attributes = map[[empty]]], class annotated with @DirtiesContext [false] with mode [null], method annotated with @DirtiesContext [false] with mode [null].
17:34:20.512 [Test worker] DEBUG org.springframework.test.context.cache.DefaultCacheAwareContextLoaderDelegate - Retrieved ApplicationContext [1889327703] from cache with key [[MergedContextConfiguration@6355c19d testClass = LoginTest, locations = '{}', classes = '{}', contextInitializerClasses = '[]', activeProfiles = '{}', propertySourceLocations = '{}', propertySourceProperties = '{}', contextCustomizers = set[org.springframework.boot.test.autoconfigure.properties.PropertyMappingContextCustomizer@0, org.springframework.boot.test.autoconfigure.web.servlet.WebDriverContextCustomizerFactory$Customizer@45d63453, org.springframework.boot.test.context.filter.ExcludeFilterContextCustomizer@1e7e85a5, org.springframework.boot.test.json.DuplicateJsonObjectContextCustomizerFactory$DuplicateJsonObjectContextCustomizer@8a52fdc, org.springframework.boot.test.mock.mockito.MockitoContextCustomizer@0], contextLoader = 'org.springframework.test.context.support.DelegatingSmartContextLoader', parent = [null]]]
17:34:20.514 [Test worker] DEBUG org.springframework.test.context.cache - Spring test ApplicationContext cache statistics: [DefaultContextCache@71bf5ea3 size = 1, maxSize = 32, parentContextCount = 0, hitCount = 13, missCount = 1]
17:34:20.520 [Test worker] DEBUG org.springframework.test.context.cache.DefaultCacheAwareContextLoaderDelegate - Retrieved ApplicationContext [1889327703] from cache with key [[MergedContextConfiguration@6355c19d testClass = LoginTest, locations = '{}', classes = '{}', contextInitializerClasses = '[]', activeProfiles = '{}', propertySourceLocations = '{}', propertySourceProperties = '{}', contextCustomizers = set[org.springframework.boot.test.autoconfigure.properties.PropertyMappingContextCustomizer@0, org.springframework.boot.test.autoconfigure.web.servlet.WebDriverContextCustomizerFactory$Customizer@45d63453, org.springframework.boot.test.context.filter.ExcludeFilterContextCustomizer@1e7e85a5, org.springframework.boot.test.json.DuplicateJsonObjectContextCustomizerFactory$DuplicateJsonObjectContextCustomizer@8a52fdc, org.springframework.boot.test.mock.mockito.MockitoContextCustomizer@0], contextLoader = 'org.springframework.test.context.support.DelegatingSmartContextLoader', parent = [null]]]
17:34:20.520 [Test worker] DEBUG org.springframework.test.context.cache - Spring test ApplicationContext cache statistics: [DefaultContextCache@71bf5ea3 size = 1, maxSize = 32, parentContextCount = 0, hitCount = 14, missCount = 1]
17:34:20.525 [Test worker] DEBUG org.springframework.test.context.cache.DefaultCacheAwareContextLoaderDelegate - Retrieved ApplicationContext [1889327703] from cache with key [[MergedContextConfiguration@6355c19d testClass = LoginTest, locations = '{}', classes = '{}', contextInitializerClasses = '[]', activeProfiles = '{}', propertySourceLocations = '{}', propertySourceProperties = '{}', contextCustomizers = set[org.springframework.boot.test.autoconfigure.properties.PropertyMappingContextCustomizer@0, org.springframework.boot.test.autoconfigure.web.servlet.WebDriverContextCustomizerFactory$Customizer@45d63453, org.springframework.boot.test.context.filter.ExcludeFilterContextCustomizer@1e7e85a5, org.springframework.boot.test.json.DuplicateJsonObjectContextCustomizerFactory$DuplicateJsonObjectContextCustomizer@8a52fdc, org.springframework.boot.test.mock.mockito.MockitoContextCustomizer@0], contextLoader = 'org.springframework.test.context.support.DelegatingSmartContextLoader', parent = [null]]]
17:34:20.525 [Test worker] DEBUG org.springframework.test.context.cache - Spring test ApplicationContext cache statistics: [DefaultContextCache@71bf5ea3 size = 1, maxSize = 32, parentContextCount = 0, hitCount = 15, missCount = 1]
17:34:20.591 [Test worker] DEBUG org.apache.http.impl.conn.BasicClientConnectionManager - Get connection for route {}->http://localhost:8080
17:34:20.592 [Test worker] DEBUG org.apache.http.impl.conn.DefaultClientConnectionOperator - Connecting to localhost:8080
17:34:20.626 [Test worker] DEBUG org.apache.http.client.protocol.RequestAddCookies - CookieSpec selected: ignoreCookies
17:34:20.627 [Test worker] DEBUG org.apache.http.client.protocol.RequestAuthCache - Auth cache not set in the context
17:34:20.627 [Test worker] DEBUG org.apache.http.client.protocol.RequestTargetAuthentication - Target auth state: UNCHALLENGED
17:34:20.627 [Test worker] DEBUG org.apache.http.client.protocol.RequestProxyAuthentication - Proxy auth state: UNCHALLENGED
17:34:20.627 [Test worker] DEBUG org.apache.http.impl.client.DefaultHttpClient - Attempt 1 to execute request
17:34:20.627 [Test worker] DEBUG org.apache.http.impl.conn.DefaultClientConnection - Sending request: POST /api/register HTTP/1.1
17:34:20.633 [Test worker] DEBUG org.apache.http.wire -  >> "POST /api/register HTTP/1.1[\r][\n]"
17:34:20.633 [Test worker] DEBUG org.apache.http.wire -  >> "Accept: */*[\r][\n]"
17:34:20.633 [Test worker] DEBUG org.apache.http.wire -  >> "Content-Type: application/json; charset=UTF-8[\r][\n]"
17:34:20.633 [Test worker] DEBUG org.apache.http.wire -  >> "Content-Length: 42[\r][\n]"
17:34:20.633 [Test worker] DEBUG org.apache.http.wire -  >> "Host: localhost:8080[\r][\n]"
17:34:20.633 [Test worker] DEBUG org.apache.http.wire -  >> "Connection: Keep-Alive[\r][\n]"
17:34:20.633 [Test worker] DEBUG org.apache.http.wire -  >> "User-Agent: Apache-HttpClient/4.5.12 (Java/11.0.9)[\r][\n]"
17:34:20.634 [Test worker] DEBUG org.apache.http.wire -  >> "Accept-Encoding: gzip,deflate[\r][\n]"
17:34:20.634 [Test worker] DEBUG org.apache.http.wire -  >> "[\r][\n]"
17:34:20.634 [Test worker] DEBUG org.apache.http.headers - >> POST /api/register HTTP/1.1
17:34:20.634 [Test worker] DEBUG org.apache.http.headers - >> Accept: */*
17:34:20.634 [Test worker] DEBUG org.apache.http.headers - >> Content-Type: application/json; charset=UTF-8
17:34:20.634 [Test worker] DEBUG org.apache.http.headers - >> Content-Length: 42
17:34:20.634 [Test worker] DEBUG org.apache.http.headers - >> Host: localhost:8080
17:34:20.634 [Test worker] DEBUG org.apache.http.headers - >> Connection: Keep-Alive
17:34:20.634 [Test worker] DEBUG org.apache.http.headers - >> User-Agent: Apache-HttpClient/4.5.12 (Java/11.0.9)
17:34:20.634 [Test worker] DEBUG org.apache.http.headers - >> Accept-Encoding: gzip,deflate
17:34:20.635 [Test worker] DEBUG org.apache.http.wire -  >> "{"username":"login","password":"password"}"
17:34:20.957 [Test worker] DEBUG org.apache.http.wire -  << "HTTP/1.1 200 [\r][\n]"
17:34:20.957 [Test worker] DEBUG org.apache.http.wire -  << "X-Content-Type-Options: nosniff[\r][\n]"
17:34:20.957 [Test worker] DEBUG org.apache.http.wire -  << "X-XSS-Protection: 1; mode=block[\r][\n]"
17:34:20.957 [Test worker] DEBUG org.apache.http.wire -  << "Cache-Control: no-cache, no-store, max-age=0, must-revalidate[\r][\n]"
17:34:20.957 [Test worker] DEBUG org.apache.http.wire -  << "Pragma: no-cache[\r][\n]"
17:34:20.957 [Test worker] DEBUG org.apache.http.wire -  << "Expires: 0[\r][\n]"
17:34:20.958 [Test worker] DEBUG org.apache.http.wire -  << "X-Frame-Options: DENY[\r][\n]"
17:34:20.958 [Test worker] DEBUG org.apache.http.wire -  << "Content-Length: 0[\r][\n]"
17:34:20.959 [Test worker] DEBUG org.apache.http.wire -  << "Date: Sun, 24 Jan 2021 16:34:20 GMT[\r][\n]"
17:34:20.959 [Test worker] DEBUG org.apache.http.wire -  << "Keep-Alive: timeout=60[\r][\n]"
17:34:20.959 [Test worker] DEBUG org.apache.http.wire -  << "Connection: keep-alive[\r][\n]"
17:34:20.959 [Test worker] DEBUG org.apache.http.wire -  << "[\r][\n]"
17:34:20.959 [Test worker] DEBUG org.apache.http.impl.conn.DefaultClientConnection - Receiving response: HTTP/1.1 200 
17:34:20.959 [Test worker] DEBUG org.apache.http.headers - << HTTP/1.1 200 
17:34:20.959 [Test worker] DEBUG org.apache.http.headers - << X-Content-Type-Options: nosniff
17:34:20.959 [Test worker] DEBUG org.apache.http.headers - << X-XSS-Protection: 1; mode=block
17:34:20.959 [Test worker] DEBUG org.apache.http.headers - << Cache-Control: no-cache, no-store, max-age=0, must-revalidate
17:34:20.959 [Test worker] DEBUG org.apache.http.headers - << Pragma: no-cache
17:34:20.959 [Test worker] DEBUG org.apache.http.headers - << Expires: 0
17:34:20.960 [Test worker] DEBUG org.apache.http.headers - << X-Frame-Options: DENY
17:34:20.960 [Test worker] DEBUG org.apache.http.headers - << Content-Length: 0
17:34:20.960 [Test worker] DEBUG org.apache.http.headers - << Date: Sun, 24 Jan 2021 16:34:20 GMT
17:34:20.960 [Test worker] DEBUG org.apache.http.headers - << Keep-Alive: timeout=60
17:34:20.960 [Test worker] DEBUG org.apache.http.headers - << Connection: keep-alive
17:34:20.960 [Test worker] DEBUG org.apache.http.impl.client.DefaultHttpClient - Connection can be kept alive for 60000 MILLISECONDS
17:34:20.964 [Test worker] DEBUG org.springframework.test.context.cache.DefaultCacheAwareContextLoaderDelegate - Retrieved ApplicationContext [1889327703] from cache with key [[MergedContextConfiguration@6355c19d testClass = LoginTest, locations = '{}', classes = '{}', contextInitializerClasses = '[]', activeProfiles = '{}', propertySourceLocations = '{}', propertySourceProperties = '{}', contextCustomizers = set[org.springframework.boot.test.autoconfigure.properties.PropertyMappingContextCustomizer@0, org.springframework.boot.test.autoconfigure.web.servlet.WebDriverContextCustomizerFactory$Customizer@45d63453, org.springframework.boot.test.context.filter.ExcludeFilterContextCustomizer@1e7e85a5, org.springframework.boot.test.json.DuplicateJsonObjectContextCustomizerFactory$DuplicateJsonObjectContextCustomizer@8a52fdc, org.springframework.boot.test.mock.mockito.MockitoContextCustomizer@0], contextLoader = 'org.springframework.test.context.support.DelegatingSmartContextLoader', parent = [null]]]
17:34:20.966 [Test worker] DEBUG org.springframework.test.context.cache - Spring test ApplicationContext cache statistics: [DefaultContextCache@71bf5ea3 size = 1, maxSize = 32, parentContextCount = 0, hitCount = 16, missCount = 1]
17:34:20.969 [Test worker] DEBUG org.springframework.test.context.cache.DefaultCacheAwareContextLoaderDelegate - Retrieved ApplicationContext [1889327703] from cache with key [[MergedContextConfiguration@6355c19d testClass = LoginTest, locations = '{}', classes = '{}', contextInitializerClasses = '[]', activeProfiles = '{}', propertySourceLocations = '{}', propertySourceProperties = '{}', contextCustomizers = set[org.springframework.boot.test.autoconfigure.properties.PropertyMappingContextCustomizer@0, org.springframework.boot.test.autoconfigure.web.servlet.WebDriverContextCustomizerFactory$Customizer@45d63453, org.springframework.boot.test.context.filter.ExcludeFilterContextCustomizer@1e7e85a5, org.springframework.boot.test.json.DuplicateJsonObjectContextCustomizerFactory$DuplicateJsonObjectContextCustomizer@8a52fdc, org.springframework.boot.test.mock.mockito.MockitoContextCustomizer@0], contextLoader = 'org.springframework.test.context.support.DelegatingSmartContextLoader', parent = [null]]]
17:34:20.970 [Test worker] DEBUG org.springframework.test.context.cache - Spring test ApplicationContext cache statistics: [DefaultContextCache@71bf5ea3 size = 1, maxSize = 32, parentContextCount = 0, hitCount = 17, missCount = 1]
17:34:20.977 [Test worker] DEBUG org.springframework.test.context.cache.DefaultCacheAwareContextLoaderDelegate - Retrieved ApplicationContext [1889327703] from cache with key [[MergedContextConfiguration@6355c19d testClass = LoginTest, locations = '{}', classes = '{}', contextInitializerClasses = '[]', activeProfiles = '{}', propertySourceLocations = '{}', propertySourceProperties = '{}', contextCustomizers = set[org.springframework.boot.test.autoconfigure.properties.PropertyMappingContextCustomizer@0, org.springframework.boot.test.autoconfigure.web.servlet.WebDriverContextCustomizerFactory$Customizer@45d63453, org.springframework.boot.test.context.filter.ExcludeFilterContextCustomizer@1e7e85a5, org.springframework.boot.test.json.DuplicateJsonObjectContextCustomizerFactory$DuplicateJsonObjectContextCustomizer@8a52fdc, org.springframework.boot.test.mock.mockito.MockitoContextCustomizer@0], contextLoader = 'org.springframework.test.context.support.DelegatingSmartContextLoader', parent = [null]]]
17:34:20.977 [Test worker] DEBUG org.springframework.test.context.cache - Spring test ApplicationContext cache statistics: [DefaultContextCache@71bf5ea3 size = 1, maxSize = 32, parentContextCount = 0, hitCount = 18, missCount = 1]
17:34:20.977 [Test worker] DEBUG org.springframework.test.context.cache.DefaultCacheAwareContextLoaderDelegate - Retrieved ApplicationContext [1889327703] from cache with key [[MergedContextConfiguration@6355c19d testClass = LoginTest, locations = '{}', classes = '{}', contextInitializerClasses = '[]', activeProfiles = '{}', propertySourceLocations = '{}', propertySourceProperties = '{}', contextCustomizers = set[org.springframework.boot.test.autoconfigure.properties.PropertyMappingContextCustomizer@0, org.springframework.boot.test.autoconfigure.web.servlet.WebDriverContextCustomizerFactory$Customizer@45d63453, org.springframework.boot.test.context.filter.ExcludeFilterContextCustomizer@1e7e85a5, org.springframework.boot.test.json.DuplicateJsonObjectContextCustomizerFactory$DuplicateJsonObjectContextCustomizer@8a52fdc, org.springframework.boot.test.mock.mockito.MockitoContextCustomizer@0], contextLoader = 'org.springframework.test.context.support.DelegatingSmartContextLoader', parent = [null]]]
17:34:20.978 [Test worker] DEBUG org.springframework.test.context.cache - Spring test ApplicationContext cache statistics: [DefaultContextCache@71bf5ea3 size = 1, maxSize = 32, parentContextCount = 0, hitCount = 19, missCount = 1]
17:34:20.978 [Test worker] DEBUG org.springframework.test.context.cache.DefaultCacheAwareContextLoaderDelegate - Retrieved ApplicationContext [1889327703] from cache with key [[MergedContextConfiguration@6355c19d testClass = LoginTest, locations = '{}', classes = '{}', contextInitializerClasses = '[]', activeProfiles = '{}', propertySourceLocations = '{}', propertySourceProperties = '{}', contextCustomizers = set[org.springframework.boot.test.autoconfigure.properties.PropertyMappingContextCustomizer@0, org.springframework.boot.test.autoconfigure.web.servlet.WebDriverContextCustomizerFactory$Customizer@45d63453, org.springframework.boot.test.context.filter.ExcludeFilterContextCustomizer@1e7e85a5, org.springframework.boot.test.json.DuplicateJsonObjectContextCustomizerFactory$DuplicateJsonObjectContextCustomizer@8a52fdc, org.springframework.boot.test.mock.mockito.MockitoContextCustomizer@0], contextLoader = 'org.springframework.test.context.support.DelegatingSmartContextLoader', parent = [null]]]
17:34:20.978 [Test worker] DEBUG org.springframework.test.context.cache - Spring test ApplicationContext cache statistics: [DefaultContextCache@71bf5ea3 size = 1, maxSize = 32, parentContextCount = 0, hitCount = 20, missCount = 1]
17:34:20.990 [Test worker] DEBUG org.springframework.test.context.cache.DefaultCacheAwareContextLoaderDelegate - Retrieved ApplicationContext [1889327703] from cache with key [[MergedContextConfiguration@6355c19d testClass = LoginTest, locations = '{}', classes = '{}', contextInitializerClasses = '[]', activeProfiles = '{}', propertySourceLocations = '{}', propertySourceProperties = '{}', contextCustomizers = set[org.springframework.boot.test.autoconfigure.properties.PropertyMappingContextCustomizer@0, org.springframework.boot.test.autoconfigure.web.servlet.WebDriverContextCustomizerFactory$Customizer@45d63453, org.springframework.boot.test.context.filter.ExcludeFilterContextCustomizer@1e7e85a5, org.springframework.boot.test.json.DuplicateJsonObjectContextCustomizerFactory$DuplicateJsonObjectContextCustomizer@8a52fdc, org.springframework.boot.test.mock.mockito.MockitoContextCustomizer@0], contextLoader = 'org.springframework.test.context.support.DelegatingSmartContextLoader', parent = [null]]]
17:34:20.990 [Test worker] DEBUG org.springframework.test.context.cache - Spring test ApplicationContext cache statistics: [DefaultContextCache@71bf5ea3 size = 1, maxSize = 32, parentContextCount = 0, hitCount = 21, missCount = 1]
17:34:20.994 [Test worker] DEBUG org.springframework.test.context.support.AbstractDirtiesContextTestExecutionListener - After test method: context [DefaultTestContext@654a32b6 testClass = LoginTest, testInstance = pl.edu.pjwstk.jaz.LoginTest@4143a448, testMethod = registerTest@LoginTest, testException = [null], mergedContextConfiguration = [MergedContextConfiguration@6355c19d testClass = LoginTest, locations = '{}', classes = '{}', contextInitializerClasses = '[]', activeProfiles = '{}', propertySourceLocations = '{}', propertySourceProperties = '{}', contextCustomizers = set[org.springframework.boot.test.autoconfigure.properties.PropertyMappingContextCustomizer@0, org.springframework.boot.test.autoconfigure.web.servlet.WebDriverContextCustomizerFactory$Customizer@45d63453, org.springframework.boot.test.context.filter.ExcludeFilterContextCustomizer@1e7e85a5, org.springframework.boot.test.json.DuplicateJsonObjectContextCustomizerFactory$DuplicateJsonObjectContextCustomizer@8a52fdc, org.springframework.boot.test.mock.mockito.MockitoContextCustomizer@0], contextLoader = 'org.springframework.test.context.support.DelegatingSmartContextLoader', parent = [null]], attributes = map[[empty]]], class annotated with @DirtiesContext [false] with mode [null], method annotated with @DirtiesContext [false] with mode [null].
17:34:20.994 [Test worker] DEBUG org.springframework.test.annotation.ProfileValueUtils - Retrieved @ProfileValueSourceConfiguration [null] for test class [pl.edu.pjwstk.jaz.LoginTest]
17:34:20.994 [Test worker] DEBUG org.springframework.test.annotation.ProfileValueUtils - Retrieved ProfileValueSource type [class org.springframework.test.annotation.SystemProfileValueSource] for class [pl.edu.pjwstk.jaz.LoginTest]
[...]
17:34:22.328 [Test worker] DEBUG org.apache.http.headers - >> Content-Type: application/json; charset=UTF-8
17:34:22.328 [Test worker] DEBUG org.apache.http.headers - >> Content-Length: 39
17:34:22.328 [Test worker] DEBUG org.apache.http.headers - >> Host: localhost:8080
17:34:22.328 [Test worker] DEBUG org.apache.http.headers - >> Connection: Keep-Alive
17:34:22.328 [Test worker] DEBUG org.apache.http.headers - >> User-Agent: Apache-HttpClient/4.5.12 (Java/11.0.9)
17:34:22.328 [Test worker] DEBUG org.apache.http.headers - >> Accept-Encoding: gzip,deflate
17:34:22.328 [Test worker] DEBUG org.apache.http.wire -  >> "{"username":"admin","password":"admin"}"
17:34:22.571 [Test worker] DEBUG org.apache.http.wire -  << "HTTP/1.1 202 [\r][\n]"
17:34:22.571 [Test worker] DEBUG org.apache.http.wire -  << "Set-Cookie: JSESSIONID=247E5A41969C8492566725CEF0F1D048; Path=/api; HttpOnly[\r][\n]"
17:34:22.571 [Test worker] DEBUG org.apache.http.wire -  << "X-Content-Type-Options: nosniff[\r][\n]"
17:34:22.572 [Test worker] DEBUG org.apache.http.wire -  << "X-XSS-Protection: 1; mode=block[\r][\n]"
17:34:22.572 [Test worker] DEBUG org.apache.http.wire -  << "Cache-Control: no-cache, no-store, max-age=0, must-revalidate[\r][\n]"
17:34:22.572 [Test worker] DEBUG org.apache.http.wire -  << "Pragma: no-cache[\r][\n]"
17:34:22.572 [Test worker] DEBUG org.apache.http.wire -  << "Expires: 0[\r][\n]"
17:34:22.572 [Test worker] DEBUG org.apache.http.wire -  << "X-Frame-Options: DENY[\r][\n]"
17:34:22.572 [Test worker] DEBUG org.apache.http.wire -  << "Content-Type: text/plain;charset=UTF-8[\r][\n]"
17:34:22.572 [Test worker] DEBUG org.apache.http.wire -  << "Content-Length: 9[\r][\n]"
17:34:22.572 [Test worker] DEBUG org.apache.http.wire -  << "Date: Sun, 24 Jan 2021 16:34:22 GMT[\r][\n]"
17:34:22.572 [Test worker] DEBUG org.apache.http.wire -  << "Keep-Alive: timeout=60[\r][\n]"
17:34:22.572 [Test worker] DEBUG org.apache.http.wire -  << "Connection: keep-alive[\r][\n]"
17:34:22.572 [Test worker] DEBUG org.apache.http.wire -  << "[\r][\n]"
17:34:22.572 [Test worker] DEBUG org.apache.http.impl.conn.DefaultClientConnection - Receiving response: HTTP/1.1 202 
17:34:22.572 [Test worker] DEBUG org.apache.http.headers - << HTTP/1.1 202 
17:34:22.572 [Test worker] DEBUG org.apache.http.headers - << Set-Cookie: JSESSIONID=247E5A41969C8492566725CEF0F1D048; Path=/api; HttpOnly
17:34:22.572 [Test worker] DEBUG org.apache.http.headers - << X-Content-Type-Options: nosniff
17:34:22.572 [Test worker] DEBUG org.apache.http.headers - << X-XSS-Protection: 1; mode=block
17:34:22.572 [Test worker] DEBUG org.apache.http.headers - << Cache-Control: no-cache, no-store, max-age=0, must-revalidate
17:34:22.572 [Test worker] DEBUG org.apache.http.headers - << Pragma: no-cache
17:34:22.573 [Test worker] DEBUG org.apache.http.headers - << Expires: 0
17:34:22.573 [Test worker] DEBUG org.apache.http.headers - << X-Frame-Options: DENY
17:34:22.573 [Test worker] DEBUG org.apache.http.headers - << Content-Type: text/plain;charset=UTF-8
17:34:22.573 [Test worker] DEBUG org.apache.http.headers - << Content-Length: 9
17:34:22.573 [Test worker] DEBUG org.apache.http.headers - << Date: Sun, 24 Jan 2021 16:34:22 GMT
17:34:22.573 [Test worker] DEBUG org.apache.http.headers - << Keep-Alive: timeout=60
17:34:22.573 [Test worker] DEBUG org.apache.http.headers - << Connection: keep-alive
17:34:22.573 [Test worker] DEBUG org.apache.http.impl.client.DefaultHttpClient - Connection can be kept alive for 60000 MILLISECONDS
17:34:22.581 [Test worker] DEBUG io.restassured.internal.RequestSpecificationImpl$RestAssuredHttpBuilder - Parsing response as: text/plain;charset=UTF-8
17:34:22.581 [Test worker] DEBUG io.restassured.internal.RequestSpecificationImpl$RestAssuredHttpBuilder - Parsed data to instance of: class org.apache.http.conn.EofSensorInputStream
17:34:22.629 [Test worker] DEBUG org.apache.http.impl.conn.BasicClientConnectionManager - Get connection for route {}->http://localhost:8080
17:34:22.630 [Test worker] DEBUG org.apache.http.impl.conn.DefaultClientConnectionOperator - Connecting to localhost:8080
17:34:22.638 [Test worker] DEBUG org.apache.http.client.protocol.RequestAddCookies - CookieSpec selected: ignoreCookies
17:34:22.638 [Test worker] DEBUG org.apache.http.client.protocol.RequestAuthCache - Auth cache not set in the context
17:34:22.638 [Test worker] DEBUG org.apache.http.client.protocol.RequestTargetAuthentication - Target auth state: UNCHALLENGED
17:34:22.638 [Test worker] DEBUG org.apache.http.client.protocol.RequestProxyAuthentication - Proxy auth state: UNCHALLENGED
17:34:22.638 [Test worker] DEBUG org.apache.http.impl.client.DefaultHttpClient - Attempt 1 to execute request
17:34:22.638 [Test worker] DEBUG org.apache.http.impl.conn.DefaultClientConnection - Sending request: GET /api/edit HTTP/1.1
17:34:22.638 [Test worker] DEBUG org.apache.http.wire -  >> "GET /api/edit HTTP/1.1[\r][\n]"
17:34:22.641 [Test worker] DEBUG org.apache.http.wire -  >> "Cookie: JSESSIONID=247E5A41969C8492566725CEF0F1D048[\r][\n]"
17:34:22.641 [Test worker] DEBUG org.apache.http.wire -  >> "Accept: */*[\r][\n]"
17:34:22.641 [Test worker] DEBUG org.apache.http.wire -  >> "Host: localhost:8080[\r][\n]"
17:34:22.641 [Test worker] DEBUG org.apache.http.wire -  >> "Connection: Keep-Alive[\r][\n]"
17:34:22.641 [Test worker] DEBUG org.apache.http.wire -  >> "User-Agent: Apache-HttpClient/4.5.12 (Java/11.0.9)[\r][\n]"
17:34:22.641 [Test worker] DEBUG org.apache.http.wire -  >> "Accept-Encoding: gzip,deflate[\r][\n]"
17:34:22.641 [Test worker] DEBUG org.apache.http.wire -  >> "[\r][\n]"
17:34:22.641 [Test worker] DEBUG org.apache.http.headers - >> GET /api/edit HTTP/1.1
17:34:22.641 [Test worker] DEBUG org.apache.http.headers - >> Cookie: JSESSIONID=247E5A41969C8492566725CEF0F1D048
17:34:22.641 [Test worker] DEBUG org.apache.http.headers - >> Accept: */*
17:34:22.641 [Test worker] DEBUG org.apache.http.headers - >> Host: localhost:8080
17:34:22.641 [Test worker] DEBUG org.apache.http.headers - >> Connection: Keep-Alive
17:34:22.641 [Test worker] DEBUG org.apache.http.headers - >> User-Agent: Apache-HttpClient/4.5.12 (Java/11.0.9)
17:34:22.641 [Test worker] DEBUG org.apache.http.headers - >> Accept-Encoding: gzip,deflate
17:34:22.657 [Test worker] DEBUG org.apache.http.wire -  << "HTTP/1.1 200 [\r][\n]"
17:34:22.658 [Test worker] DEBUG org.apache.http.wire -  << "X-Content-Type-Options: nosniff[\r][\n]"
17:34:22.658 [Test worker] DEBUG org.apache.http.wire -  << "X-XSS-Protection: 1; mode=block[\r][\n]"
17:34:22.658 [Test worker] DEBUG org.apache.http.wire -  << "Cache-Control: no-cache, no-store, max-age=0, must-revalidate[\r][\n]"
17:34:22.658 [Test worker] DEBUG org.apache.http.wire -  << "Pragma: no-cache[\r][\n]"
17:34:22.658 [Test worker] DEBUG org.apache.http.wire -  << "Expires: 0[\r][\n]"
17:34:22.658 [Test worker] DEBUG org.apache.http.wire -  << "X-Frame-Options: DENY[\r][\n]"
17:34:22.658 [Test worker] DEBUG org.apache.http.wire -  << "Content-Length: 0[\r][\n]"
17:34:22.658 [Test worker] DEBUG org.apache.http.wire -  << "Date: Sun, 24 Jan 2021 16:34:22 GMT[\r][\n]"
17:34:22.658 [Test worker] DEBUG org.apache.http.wire -  << "Keep-Alive: timeout=60[\r][\n]"
17:34:22.658 [Test worker] DEBUG org.apache.http.wire -  << "Connection: keep-alive[\r][\n]"
17:34:22.658 [Test worker] DEBUG org.apache.http.wire -  << "[\r][\n]"
17:34:22.658 [Test worker] DEBUG org.apache.http.impl.conn.DefaultClientConnection - Receiving response: HTTP/1.1 200 
17:34:22.658 [Test worker] DEBUG org.apache.http.headers - << HTTP/1.1 200 
17:34:22.659 [Test worker] DEBUG org.apache.http.headers - << X-Content-Type-Options: nosniff
17:34:22.659 [Test worker] DEBUG org.apache.http.headers - << X-XSS-Protection: 1; mode=block
17:34:22.659 [Test worker] DEBUG org.apache.http.headers - << Cache-Control: no-cache, no-store, max-age=0, must-revalidate
17:34:22.659 [Test worker] DEBUG org.apache.http.headers - << Pragma: no-cache
17:34:22.659 [Test worker] DEBUG org.apache.http.headers - << Expires: 0
17:34:22.659 [Test worker] DEBUG org.apache.http.headers - << X-Frame-Options: DENY
17:34:22.659 [Test worker] DEBUG org.apache.http.headers - << Content-Length: 0
17:34:22.659 [Test worker] DEBUG org.apache.http.headers - << Date: Sun, 24 Jan 2021 16:34:22 GMT
17:34:22.659 [Test worker] DEBUG org.apache.http.headers - << Keep-Alive: timeout=60
17:34:22.659 [Test worker] DEBUG org.apache.http.headers - << Connection: keep-alive
17:34:22.659 [Test worker] DEBUG org.apache.http.impl.client.DefaultHttpClient - Connection can be kept alive for 60000 MILLISECONDS
17:34:22.743 [Test worker] DEBUG org.springframework.test.context.cache.DefaultCacheAwareContextLoaderDelegate - Retrieved ApplicationContext [1889327703] from cache with key [[MergedContextConfiguration@6355c19d testClass = LoginTest, locations = '{}', classes = '{}', contextInitializerClasses = '[]', activeProfiles = '{}', propertySourceLocations = '{}', propertySourceProperties = '{}', contextCustomizers = set[org.springframework.boot.test.autoconfigure.properties.PropertyMappingContextCustomizer@0, org.springframework.boot.test.autoconfigure.web.servlet.WebDriverContextCustomizerFactory$Customizer@45d63453, org.springframework.boot.test.context.filter.ExcludeFilterContextCustomizer@1e7e85a5, org.springframework.boot.test.json.DuplicateJsonObjectContextCustomizerFactory$DuplicateJsonObjectContextCustomizer@8a52fdc, org.springframework.boot.test.mock.mockito.MockitoContextCustomizer@0], contextLoader = 'org.springframework.test.context.support.DelegatingSmartContextLoader', parent = [null]]]
17:34:22.743 [Test worker] DEBUG org.springframework.test.context.cache - Spring test ApplicationContext cache statistics: [DefaultContextCache@71bf5ea3 size = 1, maxSize = 32, parentContextCount = 0, hitCount = 60, missCount = 1]
17:34:22.743 [Test worker] DEBUG org.springframework.test.context.cache.DefaultCacheAwareContextLoaderDelegate - Retrieved ApplicationContext [1889327703] from cache with key [[MergedContextConfiguration@6355c19d testClass = LoginTest, locations = '{}', classes = '{}', contextInitializerClasses = '[]', activeProfiles = '{}', propertySourceLocations = '{}', propertySourceProperties = '{}', contextCustomizers = set[org.springframework.boot.test.autoconfigure.properties.PropertyMappingContextCustomizer@0, org.springframework.boot.test.autoconfigure.web.servlet.WebDriverContextCustomizerFactory$Customizer@45d63453, org.springframework.boot.test.context.filter.ExcludeFilterContextCustomizer@1e7e85a5, org.springframework.boot.test.json.DuplicateJsonObjectContextCustomizerFactory$DuplicateJsonObjectContextCustomizer@8a52fdc, org.springframework.boot.test.mock.mockito.MockitoContextCustomizer@0], contextLoader = 'org.springframework.test.context.support.DelegatingSmartContextLoader', parent = [null]]]
17:34:22.743 [Test worker] DEBUG org.springframework.test.context.cache - Spring test ApplicationContext cache statistics: [DefaultContextCache@71bf5ea3 size = 1, maxSize = 32, parentContextCount = 0, hitCount = 61, missCount = 1]
17:34:22.745 [Test worker] DEBUG org.springframework.test.context.cache.DefaultCacheAwareContextLoaderDelegate - Retrieved ApplicationContext [1889327703] from cache with key [[MergedContextConfiguration@6355c19d testClass = LoginTest, locations = '{}', classes = '{}', contextInitializerClasses = '[]', activeProfiles = '{}', propertySourceLocations = '{}', propertySourceProperties = '{}', contextCustomizers = set[org.springframework.boot.test.autoconfigure.properties.PropertyMappingContextCustomizer@0, org.springframework.boot.test.autoconfigure.web.servlet.WebDriverContextCustomizerFactory$Customizer@45d63453, org.springframework.boot.test.context.filter.ExcludeFilterContextCustomizer@1e7e85a5, org.springframework.boot.test.json.DuplicateJsonObjectContextCustomizerFactory$DuplicateJsonObjectContextCustomizer@8a52fdc, org.springframework.boot.test.mock.mockito.MockitoContextCustomizer@0], contextLoader = 'org.springframework.test.context.support.DelegatingSmartContextLoader', parent = [null]]]
17:34:22.745 [Test worker] DEBUG org.springframework.test.context.cache - Spring test ApplicationContext cache statistics: [DefaultContextCache@71bf5ea3 size = 1, maxSize = 32, parentContextCount = 0, hitCount = 62, missCount = 1]
17:34:22.745 [Test worker] DEBUG org.springframework.test.context.cache.DefaultCacheAwareContextLoaderDelegate - Retrieved ApplicationContext [1889327703] from cache with key [[MergedContextConfiguration@6355c19d testClass = LoginTest, locations = '{}', classes = '{}', contextInitializerClasses = '[]', activeProfiles = '{}', propertySourceLocations = '{}', propertySourceProperties = '{}', contextCustomizers = set[org.springframework.boot.test.autoconfigure.properties.PropertyMappingContextCustomizer@0, org.springframework.boot.test.autoconfigure.web.servlet.WebDriverContextCustomizerFactory$Customizer@45d63453, org.springframework.boot.test.context.filter.ExcludeFilterContextCustomizer@1e7e85a5, org.springframework.boot.test.json.DuplicateJsonObjectContextCustomizerFactory$DuplicateJsonObjectContextCustomizer@8a52fdc, org.springframework.boot.test.mock.mockito.MockitoContextCustomizer@0], contextLoader = 'org.springframework.test.context.support.DelegatingSmartContextLoader', parent = [null]]]
17:34:22.745 [Test worker] DEBUG org.springframework.test.context.cache - Spring test ApplicationContext cache statistics: [DefaultContextCache@71bf5ea3 size = 1, maxSize = 32, parentContextCount = 0, hitCount = 63, missCount = 1]
17:34:22.745 [Test worker] DEBUG org.springframework.test.context.cache.DefaultCacheAwareContextLoaderDelegate - Retrieved ApplicationContext [1889327703] from cache with key [[MergedContextConfiguration@6355c19d testClass = LoginTest, locations = '{}', classes = '{}', contextInitializerClasses = '[]', activeProfiles = '{}', propertySourceLocations = '{}', propertySourceProperties = '{}', contextCustomizers = set[org.springframework.boot.test.autoconfigure.properties.PropertyMappingContextCustomizer@0, org.springframework.boot.test.autoconfigure.web.servlet.WebDriverContextCustomizerFactory$Customizer@45d63453, org.springframework.boot.test.context.filter.ExcludeFilterContextCustomizer@1e7e85a5, org.springframework.boot.test.json.DuplicateJsonObjectContextCustomizerFactory$DuplicateJsonObjectContextCustomizer@8a52fdc, org.springframework.boot.test.mock.mockito.MockitoContextCustomizer@0], contextLoader = 'org.springframework.test.context.support.DelegatingSmartContextLoader', parent = [null]]]
17:34:22.746 [Test worker] DEBUG org.springframework.test.context.cache - Spring test ApplicationContext cache statistics: [DefaultContextCache@71bf5ea3 size = 1, maxSize = 32, parentContextCount = 0, hitCount = 64, missCount = 1]
17:34:22.747 [Test worker] DEBUG org.springframework.test.context.cache.DefaultCacheAwareContextLoaderDelegate - Retrieved ApplicationContext [1889327703] from cache with key [[MergedContextConfiguration@6355c19d testClass = LoginTest, locations = '{}', classes = '{}', contextInitializerClasses = '[]', activeProfiles = '{}', propertySourceLocations = '{}', propertySourceProperties = '{}', contextCustomizers = set[org.springframework.boot.test.autoconfigure.properties.PropertyMappingContextCustomizer@0, org.springframework.boot.test.autoconfigure.web.servlet.WebDriverContextCustomizerFactory$Customizer@45d63453, org.springframework.boot.test.context.filter.ExcludeFilterContextCustomizer@1e7e85a5, org.springframework.boot.test.json.DuplicateJsonObjectContextCustomizerFactory$DuplicateJsonObjectContextCustomizer@8a52fdc, org.springframework.boot.test.mock.mockito.MockitoContextCustomizer@0], contextLoader = 'org.springframework.test.context.support.DelegatingSmartContextLoader', parent = [null]]]
17:34:22.747 [Test worker] DEBUG org.springframework.test.context.cache - Spring test ApplicationContext cache statistics: [DefaultContextCache@71bf5ea3 size = 1, maxSize = 32, parentContextCount = 0, hitCount = 65, missCount = 1]
17:34:22.748 [Test worker] DEBUG org.springframework.test.context.support.AbstractDirtiesContextTestExecutionListener - After test method: context [DefaultTestContext@654a32b6 testClass = LoginTest, testInstance = pl.edu.pjwstk.jaz.LoginTest@6bf410e9, testMethod = filterTest2@LoginTest, testException = java.lang.AssertionError: 1 expectation failed.
Expected status code <202> but was <200>.
, mergedContextConfiguration = [MergedContextConfiguration@6355c19d testClass = LoginTest, locations = '{}', classes = '{}', contextInitializerClasses = '[]', activeProfiles = '{}', propertySourceLocations = '{}', propertySourceProperties = '{}', contextCustomizers = set[org.springframework.boot.test.autoconfigure.properties.PropertyMappingContextCustomizer@0, org.springframework.boot.test.autoconfigure.web.servlet.WebDriverContextCustomizerFactory$Customizer@45d63453, org.springframework.boot.test.context.filter.ExcludeFilterContextCustomizer@1e7e85a5, org.springframework.boot.test.json.DuplicateJsonObjectContextCustomizerFactory$DuplicateJsonObjectContextCustomizer@8a52fdc, org.springframework.boot.test.mock.mockito.MockitoContextCustomizer@0], contextLoader = 'org.springframework.test.context.support.DelegatingSmartContextLoader', parent = [null]], attributes = map[[empty]]], class annotated with @DirtiesContext [false] with mode [null], method annotated with @DirtiesContext [false] with mode [null].
17:34:22.751 [Test worker] DEBUG org.springframework.test.context.cache.DefaultCacheAwareContextLoaderDelegate - Retrieved ApplicationContext [1889327703] from cache with key [[MergedContextConfiguration@6355c19d testClass = LoginTest, locations = '{}', classes = '{}', contextInitializerClasses = '[]', activeProfiles = '{}', propertySourceLocations = '{}', propertySourceProperties = '{}', contextCustomizers = set[org.springframework.boot.test.autoconfigure.properties.PropertyMappingContextCustomizer@0, org.springframework.boot.test.autoconfigure.web.servlet.WebDriverContextCustomizerFactory$Customizer@45d63453, org.springframework.boot.test.context.filter.ExcludeFilterContextCustomizer@1e7e85a5, org.springframework.boot.test.json.DuplicateJsonObjectContextCustomizerFactory$DuplicateJsonObjectContextCustomizer@8a52fdc, org.springframework.boot.test.mock.mockito.MockitoContextCustomizer@0], contextLoader = 'org.springframework.test.context.support.DelegatingSmartContextLoader', parent = [null]]]
17:34:22.751 [Test worker] DEBUG org.springframework.test.context.cache - Spring test ApplicationContext cache statistics: [DefaultContextCache@71bf5ea3 size = 1, maxSize = 32, parentContextCount = 0, hitCount = 66, missCount = 1]
17:34:22.752 [Test worker] DEBUG org.springframework.test.context.support.AbstractDirtiesContextTestExecutionListener - After test class: context [DefaultTestContext@654a32b6 testClass = LoginTest, testInstance = [null], testMethod = [null], testException = [null], mergedContextConfiguration = [MergedContextConfiguration@6355c19d testClass = LoginTest, locations = '{}', classes = '{}', contextInitializerClasses = '[]', activeProfiles = '{}', propertySourceLocations = '{}', propertySourceProperties = '{}', contextCustomizers = set[org.springframework.boot.test.autoconfigure.properties.PropertyMappingContextCustomizer@0, org.springframework.boot.test.autoconfigure.web.servlet.WebDriverContextCustomizerFactory$Customizer@45d63453, org.springframework.boot.test.context.filter.ExcludeFilterContextCustomizer@1e7e85a5, org.springframework.boot.test.json.DuplicateJsonObjectContextCustomizerFactory$DuplicateJsonObjectContextCustomizer@8a52fdc, org.springframework.boot.test.mock.mockito.MockitoContextCustomizer@0], contextLoader = 'org.springframework.test.context.support.DelegatingSmartContextLoader', parent = [null]], attributes = map[[empty]]], class annotated with @DirtiesContext [false] with mode [null].
]]></system-out>
  <system-err><![CDATA[]]></system-err>
</testsuite>
